2026-02-28 15:42:37,969 - INFO - --- 🚀 Day 2: Starting Resilient Ingestor ---
2026-02-28 15:42:37,974 - ERROR - ❌ Redis Connection: FAILED. Is Docker running? Error: Error 61 connecting to localhost:6379. Connection refused.
2026-02-28 15:43:06,780 - INFO - --- 🚀 Day 2: Starting Resilient Ingestor ---
2026-02-28 15:43:06,787 - INFO - ✅ Redis Connection: SUCCESS
2026-02-28 15:43:06,787 - INFO - Attempting to fetch NBA data...
2026-02-28 15:43:07,119 - INFO - Published: Trail Blazers vs Hornets | 93 - 109
2026-02-28 15:43:07,121 - INFO - Published: Rockets vs Heat | 0 - 0
2026-02-28 15:43:07,122 - INFO - Published: Raptors vs Wizards | 0 - 0
2026-02-28 15:43:07,122 - INFO - Published: Lakers vs Warriors | 0 - 0
2026-02-28 15:43:07,123 - INFO - Published: Pelicans vs Jazz | 0 - 0
2026-02-28 15:43:07,123 - INFO - Sleeping for 10 seconds...
2026-02-28 15:43:17,128 - INFO - Attempting to fetch NBA data...
2026-02-28 15:43:17,316 - INFO - Published: Rockets vs Heat | 0 - 0
2026-02-28 15:43:17,318 - INFO - Published: Trail Blazers vs Hornets | 93 - 109
2026-02-28 15:43:17,320 - INFO - Published: Raptors vs Wizards | 0 - 0
2026-02-28 15:43:17,322 - INFO - Published: Lakers vs Warriors | 0 - 0
2026-02-28 15:43:17,323 - INFO - Published: Pelicans vs Jazz | 0 - 0
2026-02-28 15:43:17,323 - INFO - Sleeping for 10 seconds...
2026-02-28 15:43:27,323 - INFO - Attempting to fetch NBA data...
2026-02-28 15:43:27,394 - ERROR - Connection issue or API timeout: Error 61 connecting to localhost:6379. Connection refused.. Retrying soon...
2026-02-28 15:43:27,394 - INFO - Sleeping for 10 seconds...
2026-02-28 15:43:37,399 - INFO - Attempting to fetch NBA data...
2026-02-28 15:43:37,456 - ERROR - Connection issue or API timeout: Error 61 connecting to localhost:6379. Connection refused.. Retrying soon...
2026-02-28 15:43:37,456 - INFO - Sleeping for 10 seconds...
2026-02-28 15:43:47,461 - INFO - Attempting to fetch NBA data...
2026-02-28 15:43:47,519 - ERROR - Connection issue or API timeout: Error 61 connecting to localhost:6379. Connection refused.. Retrying soon...
2026-02-28 15:43:47,519 - INFO - Sleeping for 10 seconds...
2026-02-28 15:43:57,522 - INFO - Attempting to fetch NBA data...
2026-02-28 15:43:57,595 - ERROR - Connection issue or API timeout: Error 61 connecting to localhost:6379. Connection refused.. Retrying soon...
2026-02-28 15:43:57,595 - INFO - Sleeping for 10 seconds...
2026-02-28 15:44:07,600 - INFO - Attempting to fetch NBA data...
2026-02-28 15:44:07,664 - ERROR - Connection issue or API timeout: Error 61 connecting to localhost:6379. Connection refused.. Retrying soon...
2026-02-28 15:44:07,665 - INFO - Sleeping for 10 seconds...
2026-02-28 15:44:17,669 - INFO - Attempting to fetch NBA data...
2026-02-28 15:44:17,723 - ERROR - Connection issue or API timeout: Error 61 connecting to localhost:6379. Connection refused.. Retrying soon...
2026-02-28 15:44:17,723 - INFO - Sleeping for 10 seconds...
2026-02-28 15:44:27,724 - INFO - Attempting to fetch NBA data...
2026-02-28 15:44:27,805 - ERROR - Connection issue or API timeout: Error 61 connecting to localhost:6379. Connection refused.. Retrying soon...
2026-02-28 15:44:27,805 - INFO - Sleeping for 10 seconds...
2026-02-28 15:44:37,808 - INFO - Attempting to fetch NBA data...
2026-02-28 15:44:37,930 - ERROR - Connection issue or API timeout: Error 61 connecting to localhost:6379. Connection refused.. Retrying soon...
2026-02-28 15:44:37,930 - INFO - Sleeping for 10 seconds...
2026-02-28 15:44:47,932 - INFO - Attempting to fetch NBA data...
2026-02-28 15:44:48,021 - INFO - Published: Rockets vs Heat | 2 - 2
2026-02-28 15:44:48,022 - INFO - Published: Trail Blazers vs Hornets | 93 - 109
2026-02-28 15:44:48,022 - INFO - Published: Raptors vs Wizards | 0 - 0
2026-02-28 15:44:48,023 - INFO - Published: Lakers vs Warriors | 0 - 0
2026-02-28 15:44:48,023 - INFO - Published: Pelicans vs Jazz | 0 - 0
2026-02-28 15:44:48,023 - INFO - Sleeping for 10 seconds...
2026-02-28 15:44:58,028 - INFO - Attempting to fetch NBA data...
2026-02-28 15:44:58,073 - INFO - Published: Rockets vs Heat | 4 - 2
2026-02-28 15:44:58,074 - INFO - Published: Trail Blazers vs Hornets | 93 - 109
2026-02-28 15:44:58,075 - INFO - Published: Raptors vs Wizards | 0 - 0
2026-02-28 15:44:58,076 - INFO - Published: Lakers vs Warriors | 0 - 0
2026-02-28 15:44:58,076 - INFO - Published: Pelicans vs Jazz | 0 - 0
2026-02-28 15:44:58,077 - INFO - Sleeping for 10 seconds...
2026-02-28 15:45:08,077 - INFO - Attempting to fetch NBA data...
2026-02-28 15:45:08,148 - INFO - Published: Rockets vs Heat | 4 - 2
2026-02-28 15:45:08,149 - INFO - Published: Trail Blazers vs Hornets | 93 - 109
2026-02-28 15:45:08,150 - INFO - Published: Raptors vs Wizards | 0 - 0
2026-02-28 15:45:08,151 - INFO - Published: Lakers vs Warriors | 0 - 0
2026-02-28 15:45:08,151 - INFO - Published: Pelicans vs Jazz | 0 - 0
2026-02-28 15:45:08,151 - INFO - Sleeping for 10 seconds...
2026-02-28 15:45:18,152 - INFO - Attempting to fetch NBA data...
2026-02-28 15:45:18,224 - ERROR - Connection issue or API timeout: Error 61 connecting to localhost:6379. Connection refused.. Retrying soon...
2026-02-28 15:45:18,224 - INFO - Sleeping for 10 seconds...
2026-02-28 15:45:28,229 - INFO - Attempting to fetch NBA data...
2026-02-28 15:45:28,308 - ERROR - Connection issue or API timeout: Error 61 connecting to localhost:6379. Connection refused.. Retrying soon...
2026-02-28 15:45:28,308 - INFO - Sleeping for 10 seconds...
2026-02-28 15:47:05,779 - INFO - --- 🚀 Day 2: Starting Resilient Ingestor ---
2026-02-28 15:47:05,782 - ERROR - ❌ Redis Connection: FAILED. Is Docker running? Error: Error 61 connecting to localhost:6379. Connection refused.
2026-02-28 15:47:13,281 - INFO - --- 🚀 Day 2: Starting Resilient Ingestor ---
2026-02-28 15:47:13,287 - INFO - ✅ Redis Connection: SUCCESS
2026-02-28 15:47:13,287 - INFO - Attempting to fetch NBA data...
2026-02-28 15:47:13,415 - INFO - Published: Rockets vs Heat | 11 - 2
2026-02-28 15:47:13,415 - INFO - Published: Trail Blazers vs Hornets | 93 - 109
2026-02-28 15:47:13,416 - INFO - Published: Raptors vs Wizards | 0 - 0
2026-02-28 15:47:13,416 - INFO - Published: Lakers vs Warriors | 0 - 0
2026-02-28 15:47:13,417 - INFO - Published: Pelicans vs Jazz | 0 - 0
2026-02-28 15:47:13,417 - INFO - Sleeping for 10 seconds...
2026-02-28 15:47:23,422 - INFO - Attempting to fetch NBA data...
2026-02-28 15:47:23,466 - INFO - Published: Rockets vs Heat | 11 - 4
2026-02-28 15:47:23,467 - INFO - Published: Trail Blazers vs Hornets | 93 - 109
2026-02-28 15:47:23,468 - INFO - Published: Raptors vs Wizards | 0 - 0
2026-02-28 15:47:23,468 - INFO - Published: Lakers vs Warriors | 0 - 0
2026-02-28 15:47:23,469 - INFO - Published: Pelicans vs Jazz | 0 - 0
2026-02-28 15:47:23,469 - INFO - Sleeping for 10 seconds...
2026-02-28 15:47:33,606 - INFO - --- 🚀 Day 2: Starting Resilient Ingestor ---
2026-02-28 15:47:33,618 - INFO - ✅ Redis Connection: SUCCESS
2026-02-28 15:47:33,619 - INFO - Attempting to fetch NBA data...
2026-02-28 15:47:33,746 - INFO - ✅ Published: ROCKETS vs HEAT at 15:47:33
2026-02-28 15:47:33,747 - INFO - ✅ Published: TRAIL BLAZERS vs HORNETS at 15:47:33
2026-02-28 15:47:33,748 - INFO - ✅ Published: RAPTORS vs WIZARDS at 15:47:33
2026-02-28 15:47:33,748 - INFO - ✅ Published: LAKERS vs WARRIORS at 15:47:33
2026-02-28 15:47:33,749 - INFO - ✅ Published: PELICANS vs JAZZ at 15:47:33
2026-02-28 15:47:33,749 - INFO - Sleeping for 10 seconds...
2026-02-28 15:47:43,754 - INFO - Attempting to fetch NBA data...
2026-02-28 15:47:44,100 - ERROR - Connection issue or API timeout: Error 61 connecting to localhost:6379. Connection refused.. Retrying soon...
2026-02-28 15:47:44,101 - INFO - Sleeping for 10 seconds...
2026-02-28 15:51:10,187 - INFO - --- 🚀 Day 2: Starting Resilient Ingestor ---
2026-02-28 15:51:10,190 - ERROR - ❌ Redis Connection: FAILED. Is Docker running? Error: Error 61 connecting to localhost:6379. Connection refused.
2026-02-28 15:51:21,177 - INFO - --- 🚀 Day 2: Starting Resilient Ingestor ---
2026-02-28 15:51:21,187 - INFO - ✅ Redis Connection: SUCCESS
2026-02-28 15:51:21,187 - INFO - Attempting to fetch NBA data...
2026-02-28 15:51:21,386 - INFO - ✅ Published: ROCKETS vs HEAT at 15:51:21
2026-02-28 15:51:21,387 - INFO - ✅ Published: TRAIL BLAZERS vs HORNETS at 15:51:21
2026-02-28 15:51:21,388 - INFO - ✅ Published: RAPTORS vs WIZARDS at 15:51:21
2026-02-28 15:51:21,389 - INFO - ✅ Published: LAKERS vs WARRIORS at 15:51:21
2026-02-28 15:51:21,390 - INFO - ✅ Published: PELICANS vs JAZZ at 15:51:21
2026-02-28 15:51:21,390 - INFO - Sleeping for 10 seconds...
2026-02-28 15:51:31,395 - INFO - Attempting to fetch NBA data...
2026-02-28 15:51:31,491 - INFO - ✅ Published: ROCKETS vs HEAT at 15:51:31
2026-02-28 15:51:31,493 - INFO - ✅ Published: TRAIL BLAZERS vs HORNETS at 15:51:31
2026-02-28 15:51:31,494 - INFO - ✅ Published: RAPTORS vs WIZARDS at 15:51:31
2026-02-28 15:51:31,494 - INFO - ✅ Published: LAKERS vs WARRIORS at 15:51:31
2026-02-28 15:51:31,495 - INFO - ✅ Published: PELICANS vs JAZZ at 15:51:31
2026-02-28 15:51:31,495 - INFO - Sleeping for 10 seconds...
2026-02-28 15:51:41,500 - INFO - Attempting to fetch NBA data...
2026-02-28 15:51:41,594 - INFO - ✅ Published: ROCKETS vs HEAT at 15:51:41
2026-02-28 15:51:41,595 - INFO - ✅ Published: TRAIL BLAZERS vs HORNETS at 15:51:41
2026-02-28 15:51:41,596 - INFO - ✅ Published: RAPTORS vs WIZARDS at 15:51:41
2026-02-28 15:51:41,597 - INFO - ✅ Published: LAKERS vs WARRIORS at 15:51:41
2026-02-28 15:51:41,598 - INFO - ✅ Published: PELICANS vs JAZZ at 15:51:41
2026-02-28 15:51:41,598 - INFO - Sleeping for 10 seconds...
2026-02-28 15:51:51,603 - INFO - Attempting to fetch NBA data...
2026-02-28 15:51:51,654 - INFO - ✅ Published: ROCKETS vs HEAT at 15:51:51
2026-02-28 15:51:51,655 - INFO - ✅ Published: TRAIL BLAZERS vs HORNETS at 15:51:51
2026-02-28 15:51:51,656 - INFO - ✅ Published: RAPTORS vs WIZARDS at 15:51:51
2026-02-28 15:51:51,657 - INFO - ✅ Published: LAKERS vs WARRIORS at 15:51:51
2026-02-28 15:51:51,658 - INFO - ✅ Published: PELICANS vs JAZZ at 15:51:51
2026-02-28 15:51:51,658 - INFO - Sleeping for 10 seconds...
2026-02-28 15:52:01,659 - INFO - Attempting to fetch NBA data...
2026-02-28 15:52:01,704 - INFO - ✅ Published: ROCKETS vs HEAT at 15:52:01
2026-02-28 15:52:01,705 - INFO - ✅ Published: TRAIL BLAZERS vs HORNETS at 15:52:01
2026-02-28 15:52:01,706 - INFO - ✅ Published: RAPTORS vs WIZARDS at 15:52:01
2026-02-28 15:52:01,707 - INFO - ✅ Published: LAKERS vs WARRIORS at 15:52:01
2026-02-28 15:52:01,708 - INFO - ✅ Published: PELICANS vs JAZZ at 15:52:01
2026-02-28 15:52:01,708 - INFO - Sleeping for 10 seconds...
2026-02-28 15:52:11,712 - INFO - Attempting to fetch NBA data...
2026-02-28 15:52:11,804 - ERROR - Connection issue or API timeout: Error 61 connecting to localhost:6379. Connection refused.. Retrying soon...
2026-02-28 15:52:11,804 - INFO - Sleeping for 10 seconds...
2026-02-28 15:52:21,805 - INFO - Attempting to fetch NBA data...
2026-02-28 15:52:21,840 - ERROR - Connection issue or API timeout: Error 61 connecting to localhost:6379. Connection refused.. Retrying soon...
2026-02-28 15:52:21,840 - INFO - Sleeping for 10 seconds...
2026-02-28 15:52:31,845 - INFO - Attempting to fetch NBA data...
2026-02-28 15:52:31,904 - ERROR - Connection issue or API timeout: Error 61 connecting to localhost:6379. Connection refused.. Retrying soon...
2026-02-28 15:52:31,904 - INFO - Sleeping for 10 seconds...
2026-02-28 15:52:41,909 - INFO - Attempting to fetch NBA data...
2026-02-28 15:52:41,948 - ERROR - Connection issue or API timeout: Error 61 connecting to localhost:6379. Connection refused.. Retrying soon...
2026-02-28 15:52:41,948 - INFO - Sleeping for 10 seconds...
2026-02-28 15:52:51,950 - INFO - Attempting to fetch NBA data...
2026-02-28 15:52:52,006 - ERROR - Connection issue or API timeout: Error 61 connecting to localhost:6379. Connection refused.. Retrying soon...
2026-02-28 15:52:52,007 - INFO - Sleeping for 10 seconds...
2026-02-28 15:53:43,778 - INFO - --- 🚀 Day 2: Starting Resilient Ingestor ---
2026-02-28 15:53:43,786 - INFO - ✅ Redis Connection: SUCCESS
2026-02-28 15:53:43,786 - INFO - Attempting to fetch NBA data...
2026-02-28 15:53:43,903 - INFO - ✅ Published: ROCKETS vs HEAT at 15:53:43
2026-02-28 15:53:43,904 - INFO - ✅ Published: TRAIL BLAZERS vs HORNETS at 15:53:43
2026-02-28 15:53:43,904 - INFO - ✅ Published: RAPTORS vs WIZARDS at 15:53:43
2026-02-28 15:53:43,905 - INFO - ✅ Published: LAKERS vs WARRIORS at 15:53:43
2026-02-28 15:53:43,906 - INFO - ✅ Published: PELICANS vs JAZZ at 15:53:43
2026-02-28 15:53:43,906 - INFO - Sleeping for 10 seconds...
2026-02-28 15:53:53,911 - INFO - Attempting to fetch NBA data...
2026-02-28 15:53:54,243 - INFO - ✅ Published: ROCKETS vs HEAT at 15:53:54
2026-02-28 15:53:54,245 - INFO - ✅ Published: TRAIL BLAZERS vs HORNETS at 15:53:54
2026-02-28 15:53:54,246 - INFO - ✅ Published: RAPTORS vs WIZARDS at 15:53:54
2026-02-28 15:53:54,247 - INFO - ✅ Published: LAKERS vs WARRIORS at 15:53:54
2026-02-28 15:53:54,248 - INFO - ✅ Published: PELICANS vs JAZZ at 15:53:54
2026-02-28 15:53:54,248 - INFO - Sleeping for 10 seconds...
2026-02-28 15:54:04,249 - INFO - Attempting to fetch NBA data...
2026-02-28 15:54:04,316 - INFO - ✅ Published: ROCKETS vs HEAT at 15:54:04
2026-02-28 15:54:04,317 - INFO - ✅ Published: TRAIL BLAZERS vs HORNETS at 15:54:04
2026-02-28 15:54:04,320 - INFO - ✅ Published: RAPTORS vs WIZARDS at 15:54:04
2026-02-28 15:54:04,321 - INFO - ✅ Published: LAKERS vs WARRIORS at 15:54:04
2026-02-28 15:54:04,322 - INFO - ✅ Published: PELICANS vs JAZZ at 15:54:04
2026-02-28 15:54:04,323 - INFO - Sleeping for 10 seconds...
2026-02-28 15:54:14,325 - INFO - Attempting to fetch NBA data...
2026-02-28 15:54:14,415 - INFO - ✅ Published: ROCKETS vs HEAT at 15:54:14
2026-02-28 15:54:14,416 - INFO - ✅ Published: TRAIL BLAZERS vs HORNETS at 15:54:14
2026-02-28 15:54:14,417 - INFO - ✅ Published: RAPTORS vs WIZARDS at 15:54:14
2026-02-28 15:54:14,418 - INFO - ✅ Published: LAKERS vs WARRIORS at 15:54:14
2026-02-28 15:54:14,419 - INFO - ✅ Published: PELICANS vs JAZZ at 15:54:14
2026-02-28 15:54:14,419 - INFO - Sleeping for 10 seconds...
2026-02-28 15:54:31,205 - INFO - --- 🚀 Day 2: Starting Resilient Ingestor ---
2026-02-28 15:54:31,212 - INFO - ✅ Redis Connection: SUCCESS
2026-02-28 15:54:31,212 - INFO - Attempting to fetch NBA data...
2026-02-28 15:54:31,349 - INFO - ✅ Published: ROCKETS vs HEAT at 15:54:31
2026-02-28 15:54:31,351 - INFO - ✅ Published: TRAIL BLAZERS vs HORNETS at 15:54:31
2026-02-28 15:54:31,352 - INFO - ✅ Published: RAPTORS vs WIZARDS at 15:54:31
2026-02-28 15:54:31,352 - INFO - ✅ Published: LAKERS vs WARRIORS at 15:54:31
2026-02-28 15:54:31,353 - INFO - ✅ Published: PELICANS vs JAZZ at 15:54:31
2026-02-28 15:54:31,353 - INFO - Sleeping for 10 seconds...
2026-02-28 15:54:41,358 - INFO - Attempting to fetch NBA data...
2026-02-28 15:54:41,402 - INFO - ✅ Published: ROCKETS vs HEAT at 15:54:41
2026-02-28 15:54:41,403 - INFO - ✅ Published: TRAIL BLAZERS vs HORNETS at 15:54:41
2026-02-28 15:54:41,404 - INFO - ✅ Published: RAPTORS vs WIZARDS at 15:54:41
2026-02-28 15:54:41,405 - INFO - ✅ Published: LAKERS vs WARRIORS at 15:54:41
2026-02-28 15:54:41,406 - INFO - ✅ Published: PELICANS vs JAZZ at 15:54:41
2026-02-28 15:54:41,406 - INFO - Sleeping for 10 seconds...
2026-02-28 15:54:51,412 - INFO - Attempting to fetch NBA data...
2026-02-28 15:54:51,506 - INFO - ✅ Published: ROCKETS vs HEAT at 15:54:51
2026-02-28 15:54:51,507 - INFO - ✅ Published: TRAIL BLAZERS vs HORNETS at 15:54:51
2026-02-28 15:54:51,508 - INFO - ✅ Published: RAPTORS vs WIZARDS at 15:54:51
2026-02-28 15:54:51,508 - INFO - ✅ Published: LAKERS vs WARRIORS at 15:54:51
2026-02-28 15:54:51,509 - INFO - ✅ Published: PELICANS vs JAZZ at 15:54:51
2026-02-28 15:54:51,509 - INFO - Sleeping for 10 seconds...
2026-02-28 15:55:01,511 - INFO - Attempting to fetch NBA data...
2026-02-28 15:55:01,584 - INFO - ✅ Published: ROCKETS vs HEAT at 15:55:01
2026-02-28 15:55:01,586 - INFO - ✅ Published: TRAIL BLAZERS vs HORNETS at 15:55:01
2026-02-28 15:55:01,587 - INFO - ✅ Published: RAPTORS vs WIZARDS at 15:55:01
2026-02-28 15:55:01,588 - INFO - ✅ Published: LAKERS vs WARRIORS at 15:55:01
2026-02-28 15:55:01,590 - INFO - ✅ Published: PELICANS vs JAZZ at 15:55:01
2026-02-28 15:55:01,590 - INFO - Sleeping for 10 seconds...
2026-02-28 15:55:11,595 - INFO - Attempting to fetch NBA data...
2026-02-28 15:55:11,655 - INFO - ✅ Published: ROCKETS vs HEAT at 15:55:11
2026-02-28 15:55:11,657 - INFO - ✅ Published: TRAIL BLAZERS vs HORNETS at 15:55:11
2026-02-28 15:55:11,658 - INFO - ✅ Published: RAPTORS vs WIZARDS at 15:55:11
2026-02-28 15:55:11,659 - INFO - ✅ Published: LAKERS vs WARRIORS at 15:55:11
2026-02-28 15:55:11,660 - INFO - ✅ Published: PELICANS vs JAZZ at 15:55:11
2026-02-28 15:55:11,661 - INFO - Sleeping for 10 seconds...
2026-02-28 15:55:21,665 - INFO - Attempting to fetch NBA data...
2026-02-28 15:55:21,758 - INFO - ✅ Published: ROCKETS vs HEAT at 15:55:21
2026-02-28 15:55:21,760 - INFO - ✅ Published: TRAIL BLAZERS vs HORNETS at 15:55:21
2026-02-28 15:55:21,761 - INFO - ✅ Published: RAPTORS vs WIZARDS at 15:55:21
2026-02-28 15:55:21,763 - INFO - ✅ Published: LAKERS vs WARRIORS at 15:55:21
2026-02-28 15:55:21,764 - INFO - ✅ Published: PELICANS vs JAZZ at 15:55:21
2026-02-28 15:55:21,765 - INFO - Sleeping for 10 seconds...
2026-02-28 15:55:31,769 - INFO - Attempting to fetch NBA data...
2026-02-28 15:55:31,904 - INFO - ✅ Published: ROCKETS vs HEAT at 15:55:31
2026-02-28 15:55:31,905 - INFO - ✅ Published: TRAIL BLAZERS vs HORNETS at 15:55:31
2026-02-28 15:55:31,906 - INFO - ✅ Published: RAPTORS vs WIZARDS at 15:55:31
2026-02-28 15:55:31,907 - INFO - ✅ Published: LAKERS vs WARRIORS at 15:55:31
2026-02-28 15:55:31,908 - INFO - ✅ Published: PELICANS vs JAZZ at 15:55:31
2026-02-28 15:55:31,908 - INFO - Sleeping for 10 seconds...
2026-02-28 15:55:41,913 - INFO - Attempting to fetch NBA data...
2026-02-28 15:55:41,954 - INFO - ✅ Published: ROCKETS vs HEAT at 15:55:41
2026-02-28 15:55:41,955 - INFO - ✅ Published: TRAIL BLAZERS vs HORNETS at 15:55:41
2026-02-28 15:55:41,956 - INFO - ✅ Published: RAPTORS vs WIZARDS at 15:55:41
2026-02-28 15:55:41,957 - INFO - ✅ Published: LAKERS vs WARRIORS at 15:55:41
2026-02-28 15:55:41,958 - INFO - ✅ Published: PELICANS vs JAZZ at 15:55:41
2026-02-28 15:55:41,958 - INFO - Sleeping for 10 seconds...
2026-02-28 15:55:51,963 - INFO - Attempting to fetch NBA data...
2026-02-28 15:55:52,036 - INFO - ✅ Published: ROCKETS vs HEAT at 15:55:52
2026-02-28 15:55:52,037 - INFO - ✅ Published: TRAIL BLAZERS vs HORNETS at 15:55:52
2026-02-28 15:55:52,038 - INFO - ✅ Published: RAPTORS vs WIZARDS at 15:55:52
2026-02-28 15:55:52,038 - INFO - ✅ Published: LAKERS vs WARRIORS at 15:55:52
2026-02-28 15:55:52,039 - INFO - ✅ Published: PELICANS vs JAZZ at 15:55:52
2026-02-28 15:55:52,039 - INFO - Sleeping for 10 seconds...
2026-02-28 15:56:02,044 - INFO - Attempting to fetch NBA data...
2026-02-28 15:56:02,099 - INFO - ✅ Published: ROCKETS vs HEAT at 15:56:02
2026-02-28 15:56:02,101 - INFO - ✅ Published: TRAIL BLAZERS vs HORNETS at 15:56:02
2026-02-28 15:56:02,102 - INFO - ✅ Published: RAPTORS vs WIZARDS at 15:56:02
2026-02-28 15:56:02,103 - INFO - ✅ Published: LAKERS vs WARRIORS at 15:56:02
2026-02-28 15:56:02,104 - INFO - ✅ Published: PELICANS vs JAZZ at 15:56:02
2026-02-28 15:56:02,104 - INFO - Sleeping for 10 seconds...
2026-02-28 15:56:12,108 - INFO - Attempting to fetch NBA data...
2026-02-28 15:56:12,251 - INFO - ✅ Published: ROCKETS vs HEAT at 15:56:12
2026-02-28 15:56:12,253 - INFO - ✅ Published: TRAIL BLAZERS vs HORNETS at 15:56:12
2026-02-28 15:56:12,254 - INFO - ✅ Published: RAPTORS vs WIZARDS at 15:56:12
2026-02-28 15:56:12,255 - INFO - ✅ Published: LAKERS vs WARRIORS at 15:56:12
2026-02-28 15:56:12,256 - INFO - ✅ Published: PELICANS vs JAZZ at 15:56:12
2026-02-28 15:56:12,256 - INFO - Sleeping for 10 seconds...
2026-02-28 15:56:22,261 - INFO - Attempting to fetch NBA data...
2026-02-28 15:56:22,362 - INFO - ✅ Published: ROCKETS vs HEAT at 15:56:22
2026-02-28 15:56:22,363 - INFO - ✅ Published: TRAIL BLAZERS vs HORNETS at 15:56:22
2026-02-28 15:56:22,364 - INFO - ✅ Published: RAPTORS vs WIZARDS at 15:56:22
2026-02-28 15:56:22,365 - INFO - ✅ Published: LAKERS vs WARRIORS at 15:56:22
2026-02-28 15:56:22,366 - INFO - ✅ Published: PELICANS vs JAZZ at 15:56:22
2026-02-28 15:56:22,366 - INFO - Sleeping for 10 seconds...
2026-02-28 15:56:32,369 - INFO - Attempting to fetch NBA data...
2026-02-28 15:56:32,443 - INFO - ✅ Published: ROCKETS vs HEAT at 15:56:32
2026-02-28 15:56:32,444 - INFO - ✅ Published: TRAIL BLAZERS vs HORNETS at 15:56:32
2026-02-28 15:56:32,446 - INFO - ✅ Published: RAPTORS vs WIZARDS at 15:56:32
2026-02-28 15:56:32,448 - INFO - ✅ Published: LAKERS vs WARRIORS at 15:56:32
2026-02-28 15:56:32,450 - INFO - ✅ Published: PELICANS vs JAZZ at 15:56:32
2026-02-28 15:56:32,450 - INFO - Sleeping for 10 seconds...
2026-02-28 15:56:42,453 - INFO - Attempting to fetch NBA data...
2026-02-28 15:56:42,510 - INFO - ✅ Published: ROCKETS vs HEAT at 15:56:42
2026-02-28 15:56:42,511 - INFO - ✅ Published: TRAIL BLAZERS vs HORNETS at 15:56:42
2026-02-28 15:56:42,512 - INFO - ✅ Published: RAPTORS vs WIZARDS at 15:56:42
2026-02-28 15:56:42,513 - INFO - ✅ Published: LAKERS vs WARRIORS at 15:56:42
2026-02-28 15:56:42,513 - INFO - ✅ Published: PELICANS vs JAZZ at 15:56:42
2026-02-28 15:56:42,513 - INFO - Sleeping for 10 seconds...
2026-02-28 15:56:52,519 - INFO - Attempting to fetch NBA data...
2026-02-28 15:56:52,585 - INFO - ✅ Published: ROCKETS vs HEAT at 15:56:52
2026-02-28 15:56:52,587 - INFO - ✅ Published: TRAIL BLAZERS vs HORNETS at 15:56:52
2026-02-28 15:56:52,589 - INFO - ✅ Published: RAPTORS vs WIZARDS at 15:56:52
2026-02-28 15:56:52,590 - INFO - ✅ Published: LAKERS vs WARRIORS at 15:56:52
2026-02-28 15:56:52,591 - INFO - ✅ Published: PELICANS vs JAZZ at 15:56:52
2026-02-28 15:56:52,592 - INFO - Sleeping for 10 seconds...
2026-02-28 15:57:02,594 - INFO - Attempting to fetch NBA data...
2026-02-28 15:57:02,809 - INFO - ✅ Published: ROCKETS vs HEAT at 15:57:02
2026-02-28 15:57:02,810 - INFO - ✅ Published: TRAIL BLAZERS vs HORNETS at 15:57:02
2026-02-28 15:57:02,812 - INFO - ✅ Published: RAPTORS vs WIZARDS at 15:57:02
2026-02-28 15:57:02,813 - INFO - ✅ Published: LAKERS vs WARRIORS at 15:57:02
2026-02-28 15:57:02,814 - INFO - ✅ Published: PELICANS vs JAZZ at 15:57:02
2026-02-28 15:57:02,814 - INFO - Sleeping for 10 seconds...
2026-03-08 21:26:44,267 - INFO - --- 🚀 Day 2: Starting Resilient Ingestor ---
2026-03-08 21:26:44,279 - INFO - ✅ Redis Connection: SUCCESS
2026-03-08 21:26:44,279 - INFO - Attempting to fetch NBA data...
2026-03-08 21:26:44,456 - INFO - ✅ Published: WIZARDS vs PELICANS at 21:26:44
2026-03-08 21:26:44,457 - INFO - ✅ Published: PACERS vs TRAIL BLAZERS at 21:26:44
2026-03-08 21:26:44,458 - INFO - ✅ Published: BULLS vs KINGS at 21:26:44
2026-03-08 21:26:44,458 - INFO - ✅ Published: ROCKETS vs SPURS at 21:26:44
2026-03-08 21:26:44,459 - INFO - ✅ Published: MAGIC vs BUCKS at 21:26:44
2026-03-08 21:26:44,461 - INFO - ✅ Published: CELTICS vs CAVALIERS at 21:26:44
2026-03-08 21:26:44,461 - INFO - ✅ Published: KNICKS vs LAKERS at 21:26:44
2026-03-08 21:26:44,462 - INFO - ✅ Published: PISTONS vs HEAT at 21:26:44
2026-03-08 21:26:44,463 - INFO - ✅ Published: MAVERICKS vs RAPTORS at 21:26:44
2026-03-08 21:26:44,464 - INFO - ✅ Published: HORNETS vs SUNS at 21:26:44
2026-03-08 21:26:44,465 - INFO - Sleeping for 10 seconds...
2026-03-08 21:26:54,470 - INFO - Attempting to fetch NBA data...
2026-03-08 21:26:54,538 - INFO - ✅ Published: WIZARDS vs PELICANS at 21:26:54
2026-03-08 21:26:54,539 - INFO - ✅ Published: PACERS vs TRAIL BLAZERS at 21:26:54
2026-03-08 21:26:54,540 - INFO - ✅ Published: BULLS vs KINGS at 21:26:54
2026-03-08 21:26:54,540 - INFO - ✅ Published: ROCKETS vs SPURS at 21:26:54
2026-03-08 21:26:54,541 - INFO - ✅ Published: MAGIC vs BUCKS at 21:26:54
2026-03-08 21:26:54,542 - INFO - ✅ Published: CELTICS vs CAVALIERS at 21:26:54
2026-03-08 21:26:54,542 - INFO - ✅ Published: KNICKS vs LAKERS at 21:26:54
2026-03-08 21:26:54,543 - INFO - ✅ Published: PISTONS vs HEAT at 21:26:54
2026-03-08 21:26:54,544 - INFO - ✅ Published: MAVERICKS vs RAPTORS at 21:26:54
2026-03-08 21:26:54,546 - INFO - ✅ Published: HORNETS vs SUNS at 21:26:54
2026-03-08 21:26:54,547 - INFO - Sleeping for 10 seconds...
2026-03-08 21:27:04,552 - INFO - Attempting to fetch NBA data...
2026-03-08 21:27:04,639 - INFO - ✅ Published: WIZARDS vs PELICANS at 21:27:04
2026-03-08 21:27:04,642 - INFO - ✅ Published: PACERS vs TRAIL BLAZERS at 21:27:04
2026-03-08 21:27:04,643 - INFO - ✅ Published: BULLS vs KINGS at 21:27:04
2026-03-08 21:27:04,645 - INFO - ✅ Published: ROCKETS vs SPURS at 21:27:04
2026-03-08 21:27:04,647 - INFO - ✅ Published: MAGIC vs BUCKS at 21:27:04
2026-03-08 21:27:04,648 - INFO - ✅ Published: CELTICS vs CAVALIERS at 21:27:04
2026-03-08 21:27:04,649 - INFO - ✅ Published: KNICKS vs LAKERS at 21:27:04
2026-03-08 21:27:04,650 - INFO - ✅ Published: PISTONS vs HEAT at 21:27:04
2026-03-08 21:27:04,651 - INFO - ✅ Published: MAVERICKS vs RAPTORS at 21:27:04
2026-03-08 21:27:04,653 - INFO - ✅ Published: HORNETS vs SUNS at 21:27:04
2026-03-08 21:27:04,653 - INFO - Sleeping for 10 seconds...
2026-03-08 21:27:14,654 - INFO - Attempting to fetch NBA data...
2026-03-08 21:27:14,724 - INFO - ✅ Published: WIZARDS vs PELICANS at 21:27:14
2026-03-08 21:27:14,725 - INFO - ✅ Published: PACERS vs TRAIL BLAZERS at 21:27:14
2026-03-08 21:27:14,725 - INFO - ✅ Published: BULLS vs KINGS at 21:27:14
2026-03-08 21:27:14,727 - INFO - ✅ Published: ROCKETS vs SPURS at 21:27:14
2026-03-08 21:27:14,727 - INFO - ✅ Published: MAGIC vs BUCKS at 21:27:14
2026-03-08 21:27:14,727 - INFO - ✅ Published: CELTICS vs CAVALIERS at 21:27:14
2026-03-08 21:27:14,728 - INFO - ✅ Published: KNICKS vs LAKERS at 21:27:14
2026-03-08 21:27:14,728 - INFO - ✅ Published: PISTONS vs HEAT at 21:27:14
2026-03-08 21:27:14,729 - INFO - ✅ Published: MAVERICKS vs RAPTORS at 21:27:14
2026-03-08 21:27:14,729 - INFO - ✅ Published: HORNETS vs SUNS at 21:27:14
2026-03-08 21:27:14,729 - INFO - Sleeping for 10 seconds...
2026-03-08 21:27:24,730 - INFO - Attempting to fetch NBA data...
2026-03-08 21:27:24,808 - INFO - ✅ Published: WIZARDS vs PELICANS at 21:27:24
2026-03-08 21:27:24,809 - INFO - ✅ Published: PACERS vs TRAIL BLAZERS at 21:27:24
2026-03-08 21:27:24,809 - INFO - ✅ Published: BULLS vs KINGS at 21:27:24
2026-03-08 21:27:24,810 - INFO - ✅ Published: ROCKETS vs SPURS at 21:27:24
2026-03-08 21:27:24,811 - INFO - ✅ Published: MAGIC vs BUCKS at 21:27:24
2026-03-08 21:27:24,811 - INFO - ✅ Published: CELTICS vs CAVALIERS at 21:27:24
2026-03-08 21:27:24,812 - INFO - ✅ Published: KNICKS vs LAKERS at 21:27:24
2026-03-08 21:27:24,813 - INFO - ✅ Published: PISTONS vs HEAT at 21:27:24
2026-03-08 21:27:24,813 - INFO - ✅ Published: MAVERICKS vs RAPTORS at 21:27:24
2026-03-08 21:27:24,814 - INFO - ✅ Published: HORNETS vs SUNS at 21:27:24
2026-03-08 21:27:24,815 - INFO - Sleeping for 10 seconds...
2026-03-08 21:27:34,819 - INFO - Attempting to fetch NBA data...
2026-03-08 21:27:34,881 - INFO - ✅ Published: WIZARDS vs PELICANS at 21:27:34
2026-03-08 21:27:34,882 - INFO - ✅ Published: PACERS vs TRAIL BLAZERS at 21:27:34
2026-03-08 21:27:34,883 - INFO - ✅ Published: BULLS vs KINGS at 21:27:34
2026-03-08 21:27:34,883 - INFO - ✅ Published: ROCKETS vs SPURS at 21:27:34
2026-03-08 21:27:34,884 - INFO - ✅ Published: MAGIC vs BUCKS at 21:27:34
2026-03-08 21:27:34,884 - INFO - ✅ Published: CELTICS vs CAVALIERS at 21:27:34
2026-03-08 21:27:34,885 - INFO - ✅ Published: KNICKS vs LAKERS at 21:27:34
2026-03-08 21:27:34,886 - INFO - ✅ Published: PISTONS vs HEAT at 21:27:34
2026-03-08 21:27:34,887 - INFO - ✅ Published: MAVERICKS vs RAPTORS at 21:27:34
2026-03-08 21:27:34,888 - INFO - ✅ Published: HORNETS vs SUNS at 21:27:34
2026-03-08 21:27:34,888 - INFO - Sleeping for 10 seconds...
2026-03-08 21:27:44,894 - INFO - Attempting to fetch NBA data...
2026-03-08 21:27:44,983 - INFO - ✅ Published: WIZARDS vs PELICANS at 21:27:44
2026-03-08 21:27:44,985 - INFO - ✅ Published: PACERS vs TRAIL BLAZERS at 21:27:44
2026-03-08 21:27:44,986 - INFO - ✅ Published: BULLS vs KINGS at 21:27:44
2026-03-08 21:27:44,987 - INFO - ✅ Published: ROCKETS vs SPURS at 21:27:44
2026-03-08 21:27:44,988 - INFO - ✅ Published: MAGIC vs BUCKS at 21:27:44
2026-03-08 21:27:44,989 - INFO - ✅ Published: CELTICS vs CAVALIERS at 21:27:44
2026-03-08 21:27:44,990 - INFO - ✅ Published: KNICKS vs LAKERS at 21:27:44
2026-03-08 21:27:44,990 - INFO - ✅ Published: PISTONS vs HEAT at 21:27:44
2026-03-08 21:27:44,991 - INFO - ✅ Published: MAVERICKS vs RAPTORS at 21:27:44
2026-03-08 21:27:44,992 - INFO - ✅ Published: HORNETS vs SUNS at 21:27:44
2026-03-08 21:27:44,992 - INFO - Sleeping for 10 seconds...
2026-03-08 21:27:54,997 - INFO - Attempting to fetch NBA data...
2026-03-08 21:27:55,042 - INFO - ✅ Published: WIZARDS vs PELICANS at 21:27:55
2026-03-08 21:27:55,042 - INFO - ✅ Published: PACERS vs TRAIL BLAZERS at 21:27:55
2026-03-08 21:27:55,043 - INFO - ✅ Published: BULLS vs KINGS at 21:27:55
2026-03-08 21:27:55,043 - INFO - ✅ Published: ROCKETS vs SPURS at 21:27:55
2026-03-08 21:27:55,044 - INFO - ✅ Published: MAGIC vs BUCKS at 21:27:55
2026-03-08 21:27:55,044 - INFO - ✅ Published: CELTICS vs CAVALIERS at 21:27:55
2026-03-08 21:27:55,045 - INFO - ✅ Published: KNICKS vs LAKERS at 21:27:55
2026-03-08 21:27:55,046 - INFO - ✅ Published: PISTONS vs HEAT at 21:27:55
2026-03-08 21:27:55,046 - INFO - ✅ Published: MAVERICKS vs RAPTORS at 21:27:55
2026-03-08 21:27:55,047 - INFO - ✅ Published: HORNETS vs SUNS at 21:27:55
2026-03-08 21:27:55,047 - INFO - Sleeping for 10 seconds...
2026-03-08 21:28:05,053 - INFO - Attempting to fetch NBA data...
2026-03-08 21:28:05,137 - INFO - ✅ Published: WIZARDS vs PELICANS at 21:28:05
2026-03-08 21:28:05,138 - INFO - ✅ Published: PACERS vs TRAIL BLAZERS at 21:28:05
2026-03-08 21:28:05,139 - INFO - ✅ Published: BULLS vs KINGS at 21:28:05
2026-03-08 21:28:05,140 - INFO - ✅ Published: ROCKETS vs SPURS at 21:28:05
2026-03-08 21:28:05,141 - INFO - ✅ Published: MAGIC vs BUCKS at 21:28:05
2026-03-08 21:28:05,142 - INFO - ✅ Published: CELTICS vs CAVALIERS at 21:28:05
2026-03-08 21:28:05,144 - INFO - ✅ Published: KNICKS vs LAKERS at 21:28:05
2026-03-08 21:28:05,145 - INFO - ✅ Published: PISTONS vs HEAT at 21:28:05
2026-03-08 21:28:05,146 - INFO - ✅ Published: MAVERICKS vs RAPTORS at 21:28:05
2026-03-08 21:28:05,147 - INFO - ✅ Published: HORNETS vs SUNS at 21:28:05
2026-03-08 21:28:05,147 - INFO - Sleeping for 10 seconds...
2026-03-08 21:28:15,152 - INFO - Attempting to fetch NBA data...
2026-03-08 21:28:15,256 - INFO - ✅ Published: WIZARDS vs PELICANS at 21:28:15
2026-03-08 21:28:15,258 - INFO - ✅ Published: PACERS vs TRAIL BLAZERS at 21:28:15
2026-03-08 21:28:15,259 - INFO - ✅ Published: BULLS vs KINGS at 21:28:15
2026-03-08 21:28:15,260 - INFO - ✅ Published: ROCKETS vs SPURS at 21:28:15
2026-03-08 21:28:15,261 - INFO - ✅ Published: MAGIC vs BUCKS at 21:28:15
2026-03-08 21:28:15,262 - INFO - ✅ Published: CELTICS vs CAVALIERS at 21:28:15
2026-03-08 21:28:15,265 - INFO - ✅ Published: KNICKS vs LAKERS at 21:28:15
2026-03-08 21:28:15,267 - INFO - ✅ Published: PISTONS vs HEAT at 21:28:15
2026-03-08 21:28:15,268 - INFO - ✅ Published: MAVERICKS vs RAPTORS at 21:28:15
2026-03-08 21:28:15,269 - INFO - ✅ Published: HORNETS vs SUNS at 21:28:15
2026-03-08 21:28:15,269 - INFO - Sleeping for 10 seconds...
2026-03-08 21:28:25,274 - INFO - Attempting to fetch NBA data...
2026-03-08 21:28:25,365 - INFO - ✅ Published: WIZARDS vs PELICANS at 21:28:25
2026-03-08 21:28:25,366 - INFO - ✅ Published: PACERS vs TRAIL BLAZERS at 21:28:25
2026-03-08 21:28:25,367 - INFO - ✅ Published: BULLS vs KINGS at 21:28:25
2026-03-08 21:28:25,368 - INFO - ✅ Published: ROCKETS vs SPURS at 21:28:25
2026-03-08 21:28:25,368 - INFO - ✅ Published: MAGIC vs BUCKS at 21:28:25
2026-03-08 21:28:25,369 - INFO - ✅ Published: CELTICS vs CAVALIERS at 21:28:25
2026-03-08 21:28:25,370 - INFO - ✅ Published: KNICKS vs LAKERS at 21:28:25
2026-03-08 21:28:25,371 - INFO - ✅ Published: PISTONS vs HEAT at 21:28:25
2026-03-08 21:28:25,378 - INFO - ✅ Published: MAVERICKS vs RAPTORS at 21:28:25
2026-03-08 21:28:25,389 - INFO - ✅ Published: HORNETS vs SUNS at 21:28:25
2026-03-08 21:28:25,390 - INFO - Sleeping for 10 seconds...
2026-03-08 21:28:35,394 - INFO - Attempting to fetch NBA data...
2026-03-08 21:28:35,451 - INFO - ✅ Published: WIZARDS vs PELICANS at 21:28:35
2026-03-08 21:28:35,452 - INFO - ✅ Published: PACERS vs TRAIL BLAZERS at 21:28:35
2026-03-08 21:28:35,453 - INFO - ✅ Published: BULLS vs KINGS at 21:28:35
2026-03-08 21:28:35,454 - INFO - ✅ Published: ROCKETS vs SPURS at 21:28:35
2026-03-08 21:28:35,455 - INFO - ✅ Published: MAGIC vs BUCKS at 21:28:35
2026-03-08 21:28:35,456 - INFO - ✅ Published: CELTICS vs CAVALIERS at 21:28:35
2026-03-08 21:28:35,457 - INFO - ✅ Published: KNICKS vs LAKERS at 21:28:35
2026-03-08 21:28:35,458 - INFO - ✅ Published: PISTONS vs HEAT at 21:28:35
2026-03-08 21:28:35,459 - INFO - ✅ Published: MAVERICKS vs RAPTORS at 21:28:35
2026-03-08 21:28:35,460 - INFO - ✅ Published: HORNETS vs SUNS at 21:28:35
2026-03-08 21:28:35,460 - INFO - Sleeping for 10 seconds...
2026-03-08 21:28:45,465 - INFO - Attempting to fetch NBA data...
2026-03-08 21:28:45,539 - INFO - ✅ Published: WIZARDS vs PELICANS at 21:28:45
2026-03-08 21:28:45,540 - INFO - ✅ Published: PACERS vs TRAIL BLAZERS at 21:28:45
2026-03-08 21:28:45,540 - INFO - ✅ Published: BULLS vs KINGS at 21:28:45
2026-03-08 21:28:45,541 - INFO - ✅ Published: ROCKETS vs SPURS at 21:28:45
2026-03-08 21:28:45,542 - INFO - ✅ Published: MAGIC vs BUCKS at 21:28:45
2026-03-08 21:28:45,542 - INFO - ✅ Published: CELTICS vs CAVALIERS at 21:28:45
2026-03-08 21:28:45,543 - INFO - ✅ Published: KNICKS vs LAKERS at 21:28:45
2026-03-08 21:28:45,544 - INFO - ✅ Published: PISTONS vs HEAT at 21:28:45
2026-03-08 21:28:45,544 - INFO - ✅ Published: MAVERICKS vs RAPTORS at 21:28:45
2026-03-08 21:28:45,545 - INFO - ✅ Published: HORNETS vs SUNS at 21:28:45
2026-03-08 21:28:45,545 - INFO - Sleeping for 10 seconds...
2026-03-08 21:28:55,550 - INFO - Attempting to fetch NBA data...
2026-03-08 21:28:55,613 - INFO - ✅ Published: WIZARDS vs PELICANS at 21:28:55
2026-03-08 21:28:55,615 - INFO - ✅ Published: PACERS vs TRAIL BLAZERS at 21:28:55
2026-03-08 21:28:55,616 - INFO - ✅ Published: BULLS vs KINGS at 21:28:55
2026-03-08 21:28:55,617 - INFO - ✅ Published: ROCKETS vs SPURS at 21:28:55
2026-03-08 21:28:55,618 - INFO - ✅ Published: MAGIC vs BUCKS at 21:28:55
2026-03-08 21:28:55,620 - INFO - ✅ Published: CELTICS vs CAVALIERS at 21:28:55
2026-03-08 21:28:55,621 - INFO - ✅ Published: KNICKS vs LAKERS at 21:28:55
2026-03-08 21:28:55,622 - INFO - ✅ Published: PISTONS vs HEAT at 21:28:55
2026-03-08 21:28:55,623 - INFO - ✅ Published: MAVERICKS vs RAPTORS at 21:28:55
2026-03-08 21:28:55,624 - INFO - ✅ Published: HORNETS vs SUNS at 21:28:55
2026-03-08 21:28:55,625 - INFO - Sleeping for 10 seconds...
2026-03-08 21:29:05,626 - INFO - Attempting to fetch NBA data...
2026-03-08 21:29:05,680 - INFO - ✅ Published: WIZARDS vs PELICANS at 21:29:05
2026-03-08 21:29:05,681 - INFO - ✅ Published: PACERS vs TRAIL BLAZERS at 21:29:05
2026-03-08 21:29:05,682 - INFO - ✅ Published: BULLS vs KINGS at 21:29:05
2026-03-08 21:29:05,682 - INFO - ✅ Published: ROCKETS vs SPURS at 21:29:05
2026-03-08 21:29:05,683 - INFO - ✅ Published: MAGIC vs BUCKS at 21:29:05
2026-03-08 21:29:05,684 - INFO - ✅ Published: CELTICS vs CAVALIERS at 21:29:05
2026-03-08 21:29:05,685 - INFO - ✅ Published: KNICKS vs LAKERS at 21:29:05
2026-03-08 21:29:05,686 - INFO - ✅ Published: PISTONS vs HEAT at 21:29:05
2026-03-08 21:29:05,686 - INFO - ✅ Published: MAVERICKS vs RAPTORS at 21:29:05
2026-03-08 21:29:05,687 - INFO - ✅ Published: HORNETS vs SUNS at 21:29:05
2026-03-08 21:29:05,687 - INFO - Sleeping for 10 seconds...
2026-03-08 21:29:15,692 - INFO - Attempting to fetch NBA data...
2026-03-08 21:29:15,756 - INFO - ✅ Published: WIZARDS vs PELICANS at 21:29:15
2026-03-08 21:29:15,757 - INFO - ✅ Published: PACERS vs TRAIL BLAZERS at 21:29:15
2026-03-08 21:29:15,758 - INFO - ✅ Published: BULLS vs KINGS at 21:29:15
2026-03-08 21:29:15,759 - INFO - ✅ Published: ROCKETS vs SPURS at 21:29:15
2026-03-08 21:29:15,760 - INFO - ✅ Published: MAGIC vs BUCKS at 21:29:15
2026-03-08 21:29:15,761 - INFO - ✅ Published: CELTICS vs CAVALIERS at 21:29:15
2026-03-08 21:29:15,762 - INFO - ✅ Published: KNICKS vs LAKERS at 21:29:15
2026-03-08 21:29:15,763 - INFO - ✅ Published: PISTONS vs HEAT at 21:29:15
2026-03-08 21:29:15,764 - INFO - ✅ Published: MAVERICKS vs RAPTORS at 21:29:15
2026-03-08 21:29:15,765 - INFO - ✅ Published: HORNETS vs SUNS at 21:29:15
2026-03-08 21:29:15,765 - INFO - Sleeping for 10 seconds...
2026-03-08 21:29:25,766 - INFO - Attempting to fetch NBA data...
2026-03-08 21:29:25,815 - INFO - ✅ Published: WIZARDS vs PELICANS at 21:29:25
2026-03-08 21:29:25,819 - INFO - ✅ Published: PACERS vs TRAIL BLAZERS at 21:29:25
2026-03-08 21:29:25,820 - INFO - ✅ Published: BULLS vs KINGS at 21:29:25
2026-03-08 21:29:25,821 - INFO - ✅ Published: ROCKETS vs SPURS at 21:29:25
2026-03-08 21:29:25,822 - INFO - ✅ Published: MAGIC vs BUCKS at 21:29:25
2026-03-08 21:29:25,822 - INFO - ✅ Published: CELTICS vs CAVALIERS at 21:29:25
2026-03-08 21:29:25,824 - INFO - ✅ Published: KNICKS vs LAKERS at 21:29:25
2026-03-08 21:29:25,826 - INFO - ✅ Published: PISTONS vs HEAT at 21:29:25
2026-03-08 21:29:25,826 - INFO - ✅ Published: MAVERICKS vs RAPTORS at 21:29:25
2026-03-08 21:29:25,827 - INFO - ✅ Published: HORNETS vs SUNS at 21:29:25
2026-03-08 21:29:25,827 - INFO - Sleeping for 10 seconds...
2026-03-08 21:29:35,828 - INFO - Attempting to fetch NBA data...
2026-03-08 21:29:35,909 - INFO - ✅ Published: WIZARDS vs PELICANS at 21:29:35
2026-03-08 21:29:35,913 - INFO - ✅ Published: PACERS vs TRAIL BLAZERS at 21:29:35
2026-03-08 21:29:35,915 - INFO - ✅ Published: BULLS vs KINGS at 21:29:35
2026-03-08 21:29:35,916 - INFO - ✅ Published: ROCKETS vs SPURS at 21:29:35
2026-03-08 21:29:35,917 - INFO - ✅ Published: MAGIC vs BUCKS at 21:29:35
2026-03-08 21:29:35,917 - INFO - ✅ Published: CELTICS vs CAVALIERS at 21:29:35
2026-03-08 21:29:35,918 - INFO - ✅ Published: KNICKS vs LAKERS at 21:29:35
2026-03-08 21:29:35,919 - INFO - ✅ Published: PISTONS vs HEAT at 21:29:35
2026-03-08 21:29:35,920 - INFO - ✅ Published: MAVERICKS vs RAPTORS at 21:29:35
2026-03-08 21:29:35,921 - INFO - ✅ Published: HORNETS vs SUNS at 21:29:35
2026-03-08 21:29:35,921 - INFO - Sleeping for 10 seconds...
2026-03-08 21:29:45,933 - INFO - Attempting to fetch NBA data...
2026-03-08 21:29:46,002 - INFO - ✅ Published: WIZARDS vs PELICANS at 21:29:45
2026-03-08 21:29:46,003 - INFO - ✅ Published: PACERS vs TRAIL BLAZERS at 21:29:46
2026-03-08 21:29:46,003 - INFO - ✅ Published: BULLS vs KINGS at 21:29:46
2026-03-08 21:29:46,004 - INFO - ✅ Published: ROCKETS vs SPURS at 21:29:46
2026-03-08 21:29:46,005 - INFO - ✅ Published: MAGIC vs BUCKS at 21:29:46
2026-03-08 21:29:46,005 - INFO - ✅ Published: CELTICS vs CAVALIERS at 21:29:46
2026-03-08 21:29:46,006 - INFO - ✅ Published: KNICKS vs LAKERS at 21:29:46
2026-03-08 21:29:46,006 - INFO - ✅ Published: PISTONS vs HEAT at 21:29:46
2026-03-08 21:29:46,007 - INFO - ✅ Published: MAVERICKS vs RAPTORS at 21:29:46
2026-03-08 21:29:46,007 - INFO - ✅ Published: HORNETS vs SUNS at 21:29:46
2026-03-08 21:29:46,007 - INFO - Sleeping for 10 seconds...
2026-03-08 21:29:56,013 - INFO - Attempting to fetch NBA data...
2026-03-08 21:29:56,093 - INFO - ✅ Published: WIZARDS vs PELICANS at 21:29:56
2026-03-08 21:29:56,096 - INFO - ✅ Published: PACERS vs TRAIL BLAZERS at 21:29:56
2026-03-08 21:29:56,097 - INFO - ✅ Published: BULLS vs KINGS at 21:29:56
2026-03-08 21:29:56,098 - INFO - ✅ Published: ROCKETS vs SPURS at 21:29:56
2026-03-08 21:29:56,100 - INFO - ✅ Published: MAGIC vs BUCKS at 21:29:56
2026-03-08 21:29:56,100 - INFO - ✅ Published: CELTICS vs CAVALIERS at 21:29:56
2026-03-08 21:29:56,101 - INFO - ✅ Published: KNICKS vs LAKERS at 21:29:56
2026-03-08 21:29:56,102 - INFO - ✅ Published: PISTONS vs HEAT at 21:29:56
2026-03-08 21:29:56,103 - INFO - ✅ Published: MAVERICKS vs RAPTORS at 21:29:56
2026-03-08 21:29:56,104 - INFO - ✅ Published: HORNETS vs SUNS at 21:29:56
2026-03-08 21:29:56,104 - INFO - Sleeping for 10 seconds...
2026-03-08 21:30:06,109 - INFO - Attempting to fetch NBA data...
2026-03-08 21:30:06,172 - INFO - ✅ Published: WIZARDS vs PELICANS at 21:30:06
2026-03-08 21:30:06,174 - INFO - ✅ Published: PACERS vs TRAIL BLAZERS at 21:30:06
2026-03-08 21:30:06,176 - INFO - ✅ Published: BULLS vs KINGS at 21:30:06
2026-03-08 21:30:06,177 - INFO - ✅ Published: ROCKETS vs SPURS at 21:30:06
2026-03-08 21:30:06,178 - INFO - ✅ Published: MAGIC vs BUCKS at 21:30:06
2026-03-08 21:30:06,180 - INFO - ✅ Published: CELTICS vs CAVALIERS at 21:30:06
2026-03-08 21:30:06,181 - INFO - ✅ Published: KNICKS vs LAKERS at 21:30:06
2026-03-08 21:30:06,182 - INFO - ✅ Published: PISTONS vs HEAT at 21:30:06
2026-03-08 21:30:06,183 - INFO - ✅ Published: MAVERICKS vs RAPTORS at 21:30:06
2026-03-08 21:30:06,184 - INFO - ✅ Published: HORNETS vs SUNS at 21:30:06
2026-03-08 21:30:06,184 - INFO - Sleeping for 10 seconds...
2026-03-08 21:30:16,191 - INFO - Attempting to fetch NBA data...
2026-03-08 21:30:16,325 - INFO - ✅ Published: WIZARDS vs PELICANS at 21:30:16
2026-03-08 21:30:16,328 - INFO - ✅ Published: PACERS vs TRAIL BLAZERS at 21:30:16
2026-03-08 21:30:16,330 - INFO - ✅ Published: BULLS vs KINGS at 21:30:16
2026-03-08 21:30:16,331 - INFO - ✅ Published: ROCKETS vs SPURS at 21:30:16
2026-03-08 21:30:16,332 - INFO - ✅ Published: MAGIC vs BUCKS at 21:30:16
2026-03-08 21:30:16,333 - INFO - ✅ Published: CELTICS vs CAVALIERS at 21:30:16
2026-03-08 21:30:16,334 - INFO - ✅ Published: KNICKS vs LAKERS at 21:30:16
2026-03-08 21:30:16,335 - INFO - ✅ Published: PISTONS vs HEAT at 21:30:16
2026-03-08 21:30:16,336 - INFO - ✅ Published: MAVERICKS vs RAPTORS at 21:30:16
2026-03-08 21:30:16,337 - INFO - ✅ Published: HORNETS vs SUNS at 21:30:16
2026-03-08 21:30:16,337 - INFO - Sleeping for 10 seconds...
2026-03-08 21:30:26,342 - INFO - Attempting to fetch NBA data...
2026-03-08 21:30:26,506 - INFO - ✅ Published: WIZARDS vs PELICANS at 21:30:26
2026-03-08 21:30:26,508 - INFO - ✅ Published: PACERS vs TRAIL BLAZERS at 21:30:26
2026-03-08 21:30:26,508 - INFO - ✅ Published: BULLS vs KINGS at 21:30:26
2026-03-08 21:30:26,509 - INFO - ✅ Published: ROCKETS vs SPURS at 21:30:26
2026-03-08 21:30:26,510 - INFO - ✅ Published: MAGIC vs BUCKS at 21:30:26
2026-03-08 21:30:26,511 - INFO - ✅ Published: CELTICS vs CAVALIERS at 21:30:26
2026-03-08 21:30:26,511 - INFO - ✅ Published: KNICKS vs LAKERS at 21:30:26
2026-03-08 21:30:26,512 - INFO - ✅ Published: PISTONS vs HEAT at 21:30:26
2026-03-08 21:30:26,513 - INFO - ✅ Published: MAVERICKS vs RAPTORS at 21:30:26
2026-03-08 21:30:26,514 - INFO - ✅ Published: HORNETS vs SUNS at 21:30:26
2026-03-08 21:30:26,515 - INFO - Sleeping for 10 seconds...
2026-03-08 21:30:36,520 - INFO - Attempting to fetch NBA data...
2026-03-08 21:30:36,585 - INFO - ✅ Published: WIZARDS vs PELICANS at 21:30:36
2026-03-08 21:30:36,587 - INFO - ✅ Published: PACERS vs TRAIL BLAZERS at 21:30:36
2026-03-08 21:30:36,588 - INFO - ✅ Published: BULLS vs KINGS at 21:30:36
2026-03-08 21:30:36,588 - INFO - ✅ Published: ROCKETS vs SPURS at 21:30:36
2026-03-08 21:30:36,589 - INFO - ✅ Published: MAGIC vs BUCKS at 21:30:36
2026-03-08 21:30:36,590 - INFO - ✅ Published: CELTICS vs CAVALIERS at 21:30:36
2026-03-08 21:30:36,590 - INFO - ✅ Published: KNICKS vs LAKERS at 21:30:36
2026-03-08 21:30:36,591 - INFO - ✅ Published: PISTONS vs HEAT at 21:30:36
2026-03-08 21:30:36,591 - INFO - ✅ Published: MAVERICKS vs RAPTORS at 21:30:36
2026-03-08 21:30:36,592 - INFO - ✅ Published: HORNETS vs SUNS at 21:30:36
2026-03-08 21:30:36,592 - INFO - Sleeping for 10 seconds...
2026-03-08 21:30:46,596 - INFO - Attempting to fetch NBA data...
2026-03-08 21:30:46,693 - INFO - ✅ Published: WIZARDS vs PELICANS at 21:30:46
2026-03-08 21:30:46,695 - INFO - ✅ Published: PACERS vs TRAIL BLAZERS at 21:30:46
2026-03-08 21:30:46,696 - INFO - ✅ Published: BULLS vs KINGS at 21:30:46
2026-03-08 21:30:46,698 - INFO - ✅ Published: ROCKETS vs SPURS at 21:30:46
2026-03-08 21:30:46,699 - INFO - ✅ Published: MAGIC vs BUCKS at 21:30:46
2026-03-08 21:30:46,700 - INFO - ✅ Published: CELTICS vs CAVALIERS at 21:30:46
2026-03-08 21:30:46,700 - INFO - ✅ Published: KNICKS vs LAKERS at 21:30:46
2026-03-08 21:30:46,701 - INFO - ✅ Published: PISTONS vs HEAT at 21:30:46
2026-03-08 21:30:46,701 - INFO - ✅ Published: MAVERICKS vs RAPTORS at 21:30:46
2026-03-08 21:30:46,702 - INFO - ✅ Published: HORNETS vs SUNS at 21:30:46
2026-03-08 21:30:46,702 - INFO - Sleeping for 10 seconds...
2026-03-08 21:30:56,707 - INFO - Attempting to fetch NBA data...
2026-03-08 21:30:56,765 - INFO - ✅ Published: WIZARDS vs PELICANS at 21:30:56
2026-03-08 21:30:56,765 - INFO - ✅ Published: PACERS vs TRAIL BLAZERS at 21:30:56
2026-03-08 21:30:56,766 - INFO - ✅ Published: BULLS vs KINGS at 21:30:56
2026-03-08 21:30:56,767 - INFO - ✅ Published: ROCKETS vs SPURS at 21:30:56
2026-03-08 21:30:56,767 - INFO - ✅ Published: MAGIC vs BUCKS at 21:30:56
2026-03-08 21:30:56,768 - INFO - ✅ Published: CELTICS vs CAVALIERS at 21:30:56
2026-03-08 21:30:56,768 - INFO - ✅ Published: KNICKS vs LAKERS at 21:30:56
2026-03-08 21:30:56,769 - INFO - ✅ Published: PISTONS vs HEAT at 21:30:56
2026-03-08 21:30:56,769 - INFO - ✅ Published: MAVERICKS vs RAPTORS at 21:30:56
2026-03-08 21:30:56,769 - INFO - ✅ Published: HORNETS vs SUNS at 21:30:56
2026-03-08 21:30:56,770 - INFO - Sleeping for 10 seconds...
2026-03-08 21:31:06,775 - INFO - Attempting to fetch NBA data...
2026-03-08 21:31:06,844 - INFO - ✅ Published: WIZARDS vs PELICANS at 21:31:06
2026-03-08 21:31:06,844 - INFO - ✅ Published: PACERS vs TRAIL BLAZERS at 21:31:06
2026-03-08 21:31:06,845 - INFO - ✅ Published: BULLS vs KINGS at 21:31:06
2026-03-08 21:31:06,845 - INFO - ✅ Published: ROCKETS vs SPURS at 21:31:06
2026-03-08 21:31:06,846 - INFO - ✅ Published: MAGIC vs BUCKS at 21:31:06
2026-03-08 21:31:06,846 - INFO - ✅ Published: CELTICS vs CAVALIERS at 21:31:06
2026-03-08 21:31:06,847 - INFO - ✅ Published: KNICKS vs LAKERS at 21:31:06
2026-03-08 21:31:06,847 - INFO - ✅ Published: PISTONS vs HEAT at 21:31:06
2026-03-08 21:31:06,848 - INFO - ✅ Published: MAVERICKS vs RAPTORS at 21:31:06
2026-03-08 21:31:06,849 - INFO - ✅ Published: HORNETS vs SUNS at 21:31:06
2026-03-08 21:31:06,849 - INFO - Sleeping for 10 seconds...
2026-03-08 21:31:16,851 - INFO - Attempting to fetch NBA data...
2026-03-08 21:31:16,897 - INFO - ✅ Published: WIZARDS vs PELICANS at 21:31:16
2026-03-08 21:31:16,898 - INFO - ✅ Published: PACERS vs TRAIL BLAZERS at 21:31:16
2026-03-08 21:31:16,899 - INFO - ✅ Published: BULLS vs KINGS at 21:31:16
2026-03-08 21:31:16,900 - INFO - ✅ Published: ROCKETS vs SPURS at 21:31:16
2026-03-08 21:31:16,901 - INFO - ✅ Published: MAGIC vs BUCKS at 21:31:16
2026-03-08 21:31:16,902 - INFO - ✅ Published: CELTICS vs CAVALIERS at 21:31:16
2026-03-08 21:31:16,904 - INFO - ✅ Published: KNICKS vs LAKERS at 21:31:16
2026-03-08 21:31:16,905 - INFO - ✅ Published: PISTONS vs HEAT at 21:31:16
2026-03-08 21:31:16,906 - INFO - ✅ Published: MAVERICKS vs RAPTORS at 21:31:16
2026-03-08 21:31:16,907 - INFO - ✅ Published: HORNETS vs SUNS at 21:31:16
2026-03-08 21:31:16,907 - INFO - Sleeping for 10 seconds...
2026-03-08 21:31:26,911 - INFO - Attempting to fetch NBA data...
2026-03-08 21:31:27,050 - INFO - ✅ Published: WIZARDS vs PELICANS at 21:31:27
2026-03-08 21:31:27,051 - INFO - ✅ Published: PACERS vs TRAIL BLAZERS at 21:31:27
2026-03-08 21:31:27,052 - INFO - ✅ Published: BULLS vs KINGS at 21:31:27
2026-03-08 21:31:27,053 - INFO - ✅ Published: ROCKETS vs SPURS at 21:31:27
2026-03-08 21:31:27,054 - INFO - ✅ Published: MAGIC vs BUCKS at 21:31:27
2026-03-08 21:31:27,055 - INFO - ✅ Published: CELTICS vs CAVALIERS at 21:31:27
2026-03-08 21:31:27,056 - INFO - ✅ Published: KNICKS vs LAKERS at 21:31:27
2026-03-08 21:31:27,057 - INFO - ✅ Published: PISTONS vs HEAT at 21:31:27
2026-03-08 21:31:27,058 - INFO - ✅ Published: MAVERICKS vs RAPTORS at 21:31:27
2026-03-08 21:31:27,058 - INFO - ✅ Published: HORNETS vs SUNS at 21:31:27
2026-03-08 21:31:27,058 - INFO - Sleeping for 10 seconds...
2026-03-08 21:31:37,063 - INFO - Attempting to fetch NBA data...
2026-03-08 21:31:37,119 - INFO - ✅ Published: WIZARDS vs PELICANS at 21:31:37
2026-03-08 21:31:37,120 - INFO - ✅ Published: PACERS vs TRAIL BLAZERS at 21:31:37
2026-03-08 21:31:37,121 - INFO - ✅ Published: BULLS vs KINGS at 21:31:37
2026-03-08 21:31:37,122 - INFO - ✅ Published: ROCKETS vs SPURS at 21:31:37
2026-03-08 21:31:37,123 - INFO - ✅ Published: MAGIC vs BUCKS at 21:31:37
2026-03-08 21:31:37,125 - INFO - ✅ Published: CELTICS vs CAVALIERS at 21:31:37
2026-03-08 21:31:37,126 - INFO - ✅ Published: KNICKS vs LAKERS at 21:31:37
2026-03-08 21:31:37,127 - INFO - ✅ Published: PISTONS vs HEAT at 21:31:37
2026-03-08 21:31:37,128 - INFO - ✅ Published: MAVERICKS vs RAPTORS at 21:31:37
2026-03-08 21:31:37,129 - INFO - ✅ Published: HORNETS vs SUNS at 21:31:37
2026-03-08 21:31:37,129 - INFO - Sleeping for 10 seconds...
2026-03-08 21:31:47,135 - INFO - Attempting to fetch NBA data...
2026-03-08 21:31:47,221 - INFO - ✅ Published: WIZARDS vs PELICANS at 21:31:47
2026-03-08 21:31:47,222 - INFO - ✅ Published: PACERS vs TRAIL BLAZERS at 21:31:47
2026-03-08 21:31:47,223 - INFO - ✅ Published: BULLS vs KINGS at 21:31:47
2026-03-08 21:31:47,224 - INFO - ✅ Published: ROCKETS vs SPURS at 21:31:47
2026-03-08 21:31:47,225 - INFO - ✅ Published: MAGIC vs BUCKS at 21:31:47
2026-03-08 21:31:47,226 - INFO - ✅ Published: CELTICS vs CAVALIERS at 21:31:47
2026-03-08 21:31:47,226 - INFO - ✅ Published: KNICKS vs LAKERS at 21:31:47
2026-03-08 21:31:47,227 - INFO - ✅ Published: PISTONS vs HEAT at 21:31:47
2026-03-08 21:31:47,228 - INFO - ✅ Published: MAVERICKS vs RAPTORS at 21:31:47
2026-03-08 21:31:47,229 - INFO - ✅ Published: HORNETS vs SUNS at 21:31:47
2026-03-08 21:31:47,229 - INFO - Sleeping for 10 seconds...
2026-03-08 21:31:57,234 - INFO - Attempting to fetch NBA data...
2026-03-08 21:31:57,298 - INFO - ✅ Published: WIZARDS vs PELICANS at 21:31:57
2026-03-08 21:31:57,299 - INFO - ✅ Published: PACERS vs TRAIL BLAZERS at 21:31:57
2026-03-08 21:31:57,300 - INFO - ✅ Published: BULLS vs KINGS at 21:31:57
2026-03-08 21:31:57,300 - INFO - ✅ Published: ROCKETS vs SPURS at 21:31:57
2026-03-08 21:31:57,301 - INFO - ✅ Published: MAGIC vs BUCKS at 21:31:57
2026-03-08 21:31:57,302 - INFO - ✅ Published: CELTICS vs CAVALIERS at 21:31:57
2026-03-08 21:31:57,303 - INFO - ✅ Published: KNICKS vs LAKERS at 21:31:57
2026-03-08 21:31:57,303 - INFO - ✅ Published: PISTONS vs HEAT at 21:31:57
2026-03-08 21:31:57,304 - INFO - ✅ Published: MAVERICKS vs RAPTORS at 21:31:57
2026-03-08 21:31:57,305 - INFO - ✅ Published: HORNETS vs SUNS at 21:31:57
2026-03-08 21:31:57,305 - INFO - Sleeping for 10 seconds...
2026-03-08 21:32:07,310 - INFO - Attempting to fetch NBA data...
2026-03-08 21:32:07,394 - INFO - ✅ Published: WIZARDS vs PELICANS at 21:32:07
2026-03-08 21:32:07,395 - INFO - ✅ Published: PACERS vs TRAIL BLAZERS at 21:32:07
2026-03-08 21:32:07,396 - INFO - ✅ Published: BULLS vs KINGS at 21:32:07
2026-03-08 21:32:07,397 - INFO - ✅ Published: ROCKETS vs SPURS at 21:32:07
2026-03-08 21:32:07,397 - INFO - ✅ Published: MAGIC vs BUCKS at 21:32:07
2026-03-08 21:32:07,398 - INFO - ✅ Published: CELTICS vs CAVALIERS at 21:32:07
2026-03-08 21:32:07,399 - INFO - ✅ Published: KNICKS vs LAKERS at 21:32:07
2026-03-08 21:32:07,400 - INFO - ✅ Published: PISTONS vs HEAT at 21:32:07
2026-03-08 21:32:07,400 - INFO - ✅ Published: MAVERICKS vs RAPTORS at 21:32:07
2026-03-08 21:32:07,401 - INFO - ✅ Published: HORNETS vs SUNS at 21:32:07
2026-03-08 21:32:07,401 - INFO - Sleeping for 10 seconds...
2026-03-08 21:32:17,406 - INFO - Attempting to fetch NBA data...
2026-03-08 21:32:17,481 - INFO - ✅ Published: WIZARDS vs PELICANS at 21:32:17
2026-03-08 21:32:17,482 - INFO - ✅ Published: PACERS vs TRAIL BLAZERS at 21:32:17
2026-03-08 21:32:17,483 - INFO - ✅ Published: BULLS vs KINGS at 21:32:17
2026-03-08 21:32:17,484 - INFO - ✅ Published: ROCKETS vs SPURS at 21:32:17
2026-03-08 21:32:17,486 - INFO - ✅ Published: MAGIC vs BUCKS at 21:32:17
2026-03-08 21:32:17,487 - INFO - ✅ Published: CELTICS vs CAVALIERS at 21:32:17
2026-03-08 21:32:17,489 - INFO - ✅ Published: KNICKS vs LAKERS at 21:32:17
2026-03-08 21:32:17,490 - INFO - ✅ Published: PISTONS vs HEAT at 21:32:17
2026-03-08 21:32:17,490 - INFO - ✅ Published: MAVERICKS vs RAPTORS at 21:32:17
2026-03-08 21:32:17,491 - INFO - ✅ Published: HORNETS vs SUNS at 21:32:17
2026-03-08 21:32:17,491 - INFO - Sleeping for 10 seconds...
2026-03-08 21:32:27,496 - INFO - Attempting to fetch NBA data...
2026-03-08 21:32:27,574 - INFO - ✅ Published: WIZARDS vs PELICANS at 21:32:27
2026-03-08 21:32:27,575 - INFO - ✅ Published: PACERS vs TRAIL BLAZERS at 21:32:27
2026-03-08 21:32:27,576 - INFO - ✅ Published: BULLS vs KINGS at 21:32:27
2026-03-08 21:32:27,576 - INFO - ✅ Published: ROCKETS vs SPURS at 21:32:27
2026-03-08 21:32:27,577 - INFO - ✅ Published: MAGIC vs BUCKS at 21:32:27
2026-03-08 21:32:27,578 - INFO - ✅ Published: CELTICS vs CAVALIERS at 21:32:27
2026-03-08 21:32:27,579 - INFO - ✅ Published: KNICKS vs LAKERS at 21:32:27
2026-03-08 21:32:27,580 - INFO - ✅ Published: PISTONS vs HEAT at 21:32:27
2026-03-08 21:32:27,580 - INFO - ✅ Published: MAVERICKS vs RAPTORS at 21:32:27
2026-03-08 21:32:27,581 - INFO - ✅ Published: HORNETS vs SUNS at 21:32:27
2026-03-08 21:32:27,581 - INFO - Sleeping for 10 seconds...
2026-03-08 21:32:37,587 - INFO - Attempting to fetch NBA data...
2026-03-08 21:32:37,654 - INFO - ✅ Published: WIZARDS vs PELICANS at 21:32:37
2026-03-08 21:32:37,655 - INFO - ✅ Published: PACERS vs TRAIL BLAZERS at 21:32:37
2026-03-08 21:32:37,656 - INFO - ✅ Published: BULLS vs KINGS at 21:32:37
2026-03-08 21:32:37,659 - INFO - ✅ Published: ROCKETS vs SPURS at 21:32:37
2026-03-08 21:32:37,660 - INFO - ✅ Published: MAGIC vs BUCKS at 21:32:37
2026-03-08 21:32:37,661 - INFO - ✅ Published: CELTICS vs CAVALIERS at 21:32:37
2026-03-08 21:32:37,662 - INFO - ✅ Published: KNICKS vs LAKERS at 21:32:37
2026-03-08 21:32:37,663 - INFO - ✅ Published: PISTONS vs HEAT at 21:32:37
2026-03-08 21:32:37,663 - INFO - ✅ Published: MAVERICKS vs RAPTORS at 21:32:37
2026-03-08 21:32:37,664 - INFO - ✅ Published: HORNETS vs SUNS at 21:32:37
2026-03-08 21:32:37,664 - INFO - Sleeping for 10 seconds...
2026-03-08 21:32:47,669 - INFO - Attempting to fetch NBA data...
2026-03-08 21:32:47,729 - INFO - ✅ Published: WIZARDS vs PELICANS at 21:32:47
2026-03-08 21:32:47,730 - INFO - ✅ Published: PACERS vs TRAIL BLAZERS at 21:32:47
2026-03-08 21:32:47,731 - INFO - ✅ Published: BULLS vs KINGS at 21:32:47
2026-03-08 21:32:47,732 - INFO - ✅ Published: ROCKETS vs SPURS at 21:32:47
2026-03-08 21:32:47,733 - INFO - ✅ Published: MAGIC vs BUCKS at 21:32:47
2026-03-08 21:32:47,734 - INFO - ✅ Published: CELTICS vs CAVALIERS at 21:32:47
2026-03-08 21:32:47,735 - INFO - ✅ Published: KNICKS vs LAKERS at 21:32:47
2026-03-08 21:32:47,736 - INFO - ✅ Published: PISTONS vs HEAT at 21:32:47
2026-03-08 21:32:47,737 - INFO - ✅ Published: MAVERICKS vs RAPTORS at 21:32:47
2026-03-08 21:32:47,737 - INFO - ✅ Published: HORNETS vs SUNS at 21:32:47
2026-03-08 21:32:47,737 - INFO - Sleeping for 10 seconds...
2026-03-08 21:32:57,742 - INFO - Attempting to fetch NBA data...
2026-03-08 21:32:57,840 - INFO - ✅ Published: WIZARDS vs PELICANS at 21:32:57
2026-03-08 21:32:57,841 - INFO - ✅ Published: PACERS vs TRAIL BLAZERS at 21:32:57
2026-03-08 21:32:57,842 - INFO - ✅ Published: BULLS vs KINGS at 21:32:57
2026-03-08 21:32:57,844 - INFO - ✅ Published: ROCKETS vs SPURS at 21:32:57
2026-03-08 21:32:57,845 - INFO - ✅ Published: MAGIC vs BUCKS at 21:32:57
2026-03-08 21:32:57,847 - INFO - ✅ Published: CELTICS vs CAVALIERS at 21:32:57
2026-03-08 21:32:57,848 - INFO - ✅ Published: KNICKS vs LAKERS at 21:32:57
2026-03-08 21:32:57,849 - INFO - ✅ Published: PISTONS vs HEAT at 21:32:57
2026-03-08 21:32:57,850 - INFO - ✅ Published: MAVERICKS vs RAPTORS at 21:32:57
2026-03-08 21:32:57,850 - INFO - ✅ Published: HORNETS vs SUNS at 21:32:57
2026-03-08 21:32:57,851 - INFO - Sleeping for 10 seconds...
2026-03-08 21:33:07,857 - INFO - Attempting to fetch NBA data...
2026-03-08 21:33:07,955 - INFO - ✅ Published: WIZARDS vs PELICANS at 21:33:07
2026-03-08 21:33:07,956 - INFO - ✅ Published: PACERS vs TRAIL BLAZERS at 21:33:07
2026-03-08 21:33:07,957 - INFO - ✅ Published: BULLS vs KINGS at 21:33:07
2026-03-08 21:33:07,958 - INFO - ✅ Published: ROCKETS vs SPURS at 21:33:07
2026-03-08 21:33:07,959 - INFO - ✅ Published: MAGIC vs BUCKS at 21:33:07
2026-03-08 21:33:07,960 - INFO - ✅ Published: CELTICS vs CAVALIERS at 21:33:07
2026-03-08 21:33:07,961 - INFO - ✅ Published: KNICKS vs LAKERS at 21:33:07
2026-03-08 21:33:07,962 - INFO - ✅ Published: PISTONS vs HEAT at 21:33:07
2026-03-08 21:33:07,962 - INFO - ✅ Published: MAVERICKS vs RAPTORS at 21:33:07
2026-03-08 21:33:07,963 - INFO - ✅ Published: HORNETS vs SUNS at 21:33:07
2026-03-08 21:33:07,963 - INFO - Sleeping for 10 seconds...
2026-03-08 21:33:17,968 - INFO - Attempting to fetch NBA data...
2026-03-08 21:33:18,027 - INFO - ✅ Published: WIZARDS vs PELICANS at 21:33:18
2026-03-08 21:33:18,028 - INFO - ✅ Published: PACERS vs TRAIL BLAZERS at 21:33:18
2026-03-08 21:33:18,030 - INFO - ✅ Published: BULLS vs KINGS at 21:33:18
2026-03-08 21:33:18,031 - INFO - ✅ Published: ROCKETS vs SPURS at 21:33:18
2026-03-08 21:33:18,032 - INFO - ✅ Published: MAGIC vs BUCKS at 21:33:18
2026-03-08 21:33:18,034 - INFO - ✅ Published: CELTICS vs CAVALIERS at 21:33:18
2026-03-08 21:33:18,035 - INFO - ✅ Published: KNICKS vs LAKERS at 21:33:18
2026-03-08 21:33:18,036 - INFO - ✅ Published: PISTONS vs HEAT at 21:33:18
2026-03-08 21:33:18,037 - INFO - ✅ Published: MAVERICKS vs RAPTORS at 21:33:18
2026-03-08 21:33:18,037 - INFO - ✅ Published: HORNETS vs SUNS at 21:33:18
2026-03-08 21:33:18,038 - INFO - Sleeping for 10 seconds...
2026-03-08 21:33:28,043 - INFO - Attempting to fetch NBA data...
2026-03-08 21:33:28,140 - INFO - ✅ Published: WIZARDS vs PELICANS at 21:33:28
2026-03-08 21:33:28,141 - INFO - ✅ Published: PACERS vs TRAIL BLAZERS at 21:33:28
2026-03-08 21:33:28,142 - INFO - ✅ Published: BULLS vs KINGS at 21:33:28
2026-03-08 21:33:28,142 - INFO - ✅ Published: ROCKETS vs SPURS at 21:33:28
2026-03-08 21:33:28,143 - INFO - ✅ Published: MAGIC vs BUCKS at 21:33:28
2026-03-08 21:33:28,143 - INFO - ✅ Published: CELTICS vs CAVALIERS at 21:33:28
2026-03-08 21:33:28,144 - INFO - ✅ Published: KNICKS vs LAKERS at 21:33:28
2026-03-08 21:33:28,144 - INFO - ✅ Published: PISTONS vs HEAT at 21:33:28
2026-03-08 21:33:28,145 - INFO - ✅ Published: MAVERICKS vs RAPTORS at 21:33:28
2026-03-08 21:33:28,145 - INFO - ✅ Published: HORNETS vs SUNS at 21:33:28
2026-03-08 21:33:28,145 - INFO - Sleeping for 10 seconds...
2026-03-08 21:33:38,151 - INFO - Attempting to fetch NBA data...
2026-03-08 21:33:38,236 - INFO - ✅ Published: WIZARDS vs PELICANS at 21:33:38
2026-03-08 21:33:38,238 - INFO - ✅ Published: PACERS vs TRAIL BLAZERS at 21:33:38
2026-03-08 21:33:38,239 - INFO - ✅ Published: BULLS vs KINGS at 21:33:38
2026-03-08 21:33:38,240 - INFO - ✅ Published: ROCKETS vs SPURS at 21:33:38
2026-03-08 21:33:38,241 - INFO - ✅ Published: MAGIC vs BUCKS at 21:33:38
2026-03-08 21:33:38,242 - INFO - ✅ Published: CELTICS vs CAVALIERS at 21:33:38
2026-03-08 21:33:38,243 - INFO - ✅ Published: KNICKS vs LAKERS at 21:33:38
2026-03-08 21:33:38,244 - INFO - ✅ Published: PISTONS vs HEAT at 21:33:38
2026-03-08 21:33:38,245 - INFO - ✅ Published: MAVERICKS vs RAPTORS at 21:33:38
2026-03-08 21:33:38,246 - INFO - ✅ Published: HORNETS vs SUNS at 21:33:38
2026-03-08 21:33:38,246 - INFO - Sleeping for 10 seconds...
2026-03-08 21:33:48,251 - INFO - Attempting to fetch NBA data...
2026-03-08 21:33:48,302 - INFO - ✅ Published: WIZARDS vs PELICANS at 21:33:48
2026-03-08 21:33:48,303 - INFO - ✅ Published: PACERS vs TRAIL BLAZERS at 21:33:48
2026-03-08 21:33:48,304 - INFO - ✅ Published: BULLS vs KINGS at 21:33:48
2026-03-08 21:33:48,305 - INFO - ✅ Published: ROCKETS vs SPURS at 21:33:48
2026-03-08 21:33:48,305 - INFO - ✅ Published: MAGIC vs BUCKS at 21:33:48
2026-03-08 21:33:48,306 - INFO - ✅ Published: CELTICS vs CAVALIERS at 21:33:48
2026-03-08 21:33:48,306 - INFO - ✅ Published: KNICKS vs LAKERS at 21:33:48
2026-03-08 21:33:48,307 - INFO - ✅ Published: PISTONS vs HEAT at 21:33:48
2026-03-08 21:33:48,308 - INFO - ✅ Published: MAVERICKS vs RAPTORS at 21:33:48
2026-03-08 21:33:48,308 - INFO - ✅ Published: HORNETS vs SUNS at 21:33:48
2026-03-08 21:33:48,308 - INFO - Sleeping for 10 seconds...
2026-03-08 21:34:05,338 - INFO - --- 🚀 Day 2: Starting Resilient Ingestor ---
2026-03-08 21:34:05,345 - INFO - ✅ Redis Connection: SUCCESS
2026-03-08 21:34:05,345 - INFO - Attempting to fetch NBA data...
2026-03-08 21:34:05,495 - INFO - ✅ Published: WIZARDS vs PELICANS at 21:34:05
2026-03-08 21:34:05,497 - INFO - ✅ Published: PACERS vs TRAIL BLAZERS at 21:34:05
2026-03-08 21:34:05,497 - INFO - ✅ Published: BULLS vs KINGS at 21:34:05
2026-03-08 21:34:05,498 - INFO - ✅ Published: ROCKETS vs SPURS at 21:34:05
2026-03-08 21:34:05,499 - INFO - ✅ Published: MAGIC vs BUCKS at 21:34:05
2026-03-08 21:34:05,499 - INFO - ✅ Published: CELTICS vs CAVALIERS at 21:34:05
2026-03-08 21:34:05,500 - INFO - ✅ Published: KNICKS vs LAKERS at 21:34:05
2026-03-08 21:34:05,501 - INFO - ✅ Published: PISTONS vs HEAT at 21:34:05
2026-03-08 21:34:05,501 - INFO - ✅ Published: MAVERICKS vs RAPTORS at 21:34:05
2026-03-08 21:34:05,502 - INFO - ✅ Published: HORNETS vs SUNS at 21:34:05
2026-03-08 21:34:05,502 - INFO - Sleeping for 10 seconds...
2026-03-08 21:34:15,507 - INFO - Attempting to fetch NBA data...
2026-03-08 21:34:15,569 - INFO - ✅ Published: WIZARDS vs PELICANS at 21:34:15
2026-03-08 21:34:15,570 - INFO - ✅ Published: PACERS vs TRAIL BLAZERS at 21:34:15
2026-03-08 21:34:15,571 - INFO - ✅ Published: BULLS vs KINGS at 21:34:15
2026-03-08 21:34:15,572 - INFO - ✅ Published: ROCKETS vs SPURS at 21:34:15
2026-03-08 21:34:15,572 - INFO - ✅ Published: MAGIC vs BUCKS at 21:34:15
2026-03-08 21:34:15,573 - INFO - ✅ Published: CELTICS vs CAVALIERS at 21:34:15
2026-03-08 21:34:15,574 - INFO - ✅ Published: KNICKS vs LAKERS at 21:34:15
2026-03-08 21:34:15,575 - INFO - ✅ Published: PISTONS vs HEAT at 21:34:15
2026-03-08 21:34:15,577 - INFO - ✅ Published: MAVERICKS vs RAPTORS at 21:34:15
2026-03-08 21:34:15,577 - INFO - ✅ Published: HORNETS vs SUNS at 21:34:15
2026-03-08 21:34:15,578 - INFO - Sleeping for 10 seconds...
2026-03-08 21:34:25,582 - INFO - Attempting to fetch NBA data...
2026-03-08 21:34:25,664 - INFO - ✅ Published: WIZARDS vs PELICANS at 21:34:25
2026-03-08 21:34:25,664 - INFO - ✅ Published: PACERS vs TRAIL BLAZERS at 21:34:25
2026-03-08 21:34:25,665 - INFO - ✅ Published: BULLS vs KINGS at 21:34:25
2026-03-08 21:34:25,665 - INFO - ✅ Published: ROCKETS vs SPURS at 21:34:25
2026-03-08 21:34:25,666 - INFO - ✅ Published: MAGIC vs BUCKS at 21:34:25
2026-03-08 21:34:25,666 - INFO - ✅ Published: CELTICS vs CAVALIERS at 21:34:25
2026-03-08 21:34:25,667 - INFO - ✅ Published: KNICKS vs LAKERS at 21:34:25
2026-03-08 21:34:25,668 - INFO - ✅ Published: PISTONS vs HEAT at 21:34:25
2026-03-08 21:34:25,668 - INFO - ✅ Published: MAVERICKS vs RAPTORS at 21:34:25
2026-03-08 21:34:25,669 - INFO - ✅ Published: HORNETS vs SUNS at 21:34:25
2026-03-08 21:34:25,669 - INFO - Sleeping for 10 seconds...
2026-03-08 21:34:35,675 - INFO - Attempting to fetch NBA data...
2026-03-08 21:34:35,777 - INFO - ✅ Published: WIZARDS vs PELICANS at 21:34:35
2026-03-08 21:34:35,778 - INFO - ✅ Published: PACERS vs TRAIL BLAZERS at 21:34:35
2026-03-08 21:34:35,780 - INFO - ✅ Published: BULLS vs KINGS at 21:34:35
2026-03-08 21:34:35,780 - INFO - ✅ Published: ROCKETS vs SPURS at 21:34:35
2026-03-08 21:34:35,781 - INFO - ✅ Published: MAGIC vs BUCKS at 21:34:35
2026-03-08 21:34:35,782 - INFO - ✅ Published: CELTICS vs CAVALIERS at 21:34:35
2026-03-08 21:34:35,783 - INFO - ✅ Published: KNICKS vs LAKERS at 21:34:35
2026-03-08 21:34:35,783 - INFO - ✅ Published: PISTONS vs HEAT at 21:34:35
2026-03-08 21:34:35,784 - INFO - ✅ Published: MAVERICKS vs RAPTORS at 21:34:35
2026-03-08 21:34:35,785 - INFO - ✅ Published: HORNETS vs SUNS at 21:34:35
2026-03-08 21:34:35,785 - INFO - Sleeping for 10 seconds...
2026-03-08 21:34:45,790 - INFO - Attempting to fetch NBA data...
2026-03-08 21:34:45,873 - INFO - ✅ Published: WIZARDS vs PELICANS at 21:34:45
2026-03-08 21:34:45,874 - INFO - ✅ Published: PACERS vs TRAIL BLAZERS at 21:34:45
2026-03-08 21:34:45,874 - INFO - ✅ Published: BULLS vs KINGS at 21:34:45
2026-03-08 21:34:45,875 - INFO - ✅ Published: ROCKETS vs SPURS at 21:34:45
2026-03-08 21:34:45,876 - INFO - ✅ Published: MAGIC vs BUCKS at 21:34:45
2026-03-08 21:34:45,877 - INFO - ✅ Published: CELTICS vs CAVALIERS at 21:34:45
2026-03-08 21:34:45,877 - INFO - ✅ Published: KNICKS vs LAKERS at 21:34:45
2026-03-08 21:34:45,878 - INFO - ✅ Published: PISTONS vs HEAT at 21:34:45
2026-03-08 21:34:45,879 - INFO - ✅ Published: MAVERICKS vs RAPTORS at 21:34:45
2026-03-08 21:34:45,880 - INFO - ✅ Published: HORNETS vs SUNS at 21:34:45
2026-03-08 21:34:45,880 - INFO - Sleeping for 10 seconds...
2026-03-08 21:34:55,885 - INFO - Attempting to fetch NBA data...
2026-03-08 21:34:55,973 - INFO - ✅ Published: WIZARDS vs PELICANS at 21:34:55
2026-03-08 21:34:55,975 - INFO - ✅ Published: PACERS vs TRAIL BLAZERS at 21:34:55
2026-03-08 21:34:55,976 - INFO - ✅ Published: BULLS vs KINGS at 21:34:55
2026-03-08 21:34:55,978 - INFO - ✅ Published: ROCKETS vs SPURS at 21:34:55
2026-03-08 21:34:55,980 - INFO - ✅ Published: MAGIC vs BUCKS at 21:34:55
2026-03-08 21:34:55,981 - INFO - ✅ Published: CELTICS vs CAVALIERS at 21:34:55
2026-03-08 21:34:55,982 - INFO - ✅ Published: KNICKS vs LAKERS at 21:34:55
2026-03-08 21:34:55,983 - INFO - ✅ Published: PISTONS vs HEAT at 21:34:55
2026-03-08 21:34:55,984 - INFO - ✅ Published: MAVERICKS vs RAPTORS at 21:34:55
2026-03-08 21:34:55,984 - INFO - ✅ Published: HORNETS vs SUNS at 21:34:55
2026-03-08 21:34:55,984 - INFO - Sleeping for 10 seconds...
2026-03-08 21:35:05,989 - INFO - Attempting to fetch NBA data...
2026-03-08 21:35:06,058 - INFO - ✅ Published: WIZARDS vs PELICANS at 21:35:06
2026-03-08 21:35:06,059 - INFO - ✅ Published: PACERS vs TRAIL BLAZERS at 21:35:06
2026-03-08 21:35:06,060 - INFO - ✅ Published: BULLS vs KINGS at 21:35:06
2026-03-08 21:35:06,060 - INFO - ✅ Published: ROCKETS vs SPURS at 21:35:06
2026-03-08 21:35:06,061 - INFO - ✅ Published: MAGIC vs BUCKS at 21:35:06
2026-03-08 21:35:06,062 - INFO - ✅ Published: CELTICS vs CAVALIERS at 21:35:06
2026-03-08 21:35:06,063 - INFO - ✅ Published: KNICKS vs LAKERS at 21:35:06
2026-03-08 21:35:06,064 - INFO - ✅ Published: PISTONS vs HEAT at 21:35:06
2026-03-08 21:35:06,065 - INFO - ✅ Published: MAVERICKS vs RAPTORS at 21:35:06
2026-03-08 21:35:06,066 - INFO - ✅ Published: HORNETS vs SUNS at 21:35:06
2026-03-08 21:35:06,066 - INFO - Sleeping for 10 seconds...
2026-03-08 21:35:16,069 - INFO - Attempting to fetch NBA data...
2026-03-08 21:35:16,251 - INFO - ✅ Published: WIZARDS vs PELICANS at 21:35:16
2026-03-08 21:35:16,252 - INFO - ✅ Published: PACERS vs TRAIL BLAZERS at 21:35:16
2026-03-08 21:35:16,253 - INFO - ✅ Published: BULLS vs KINGS at 21:35:16
2026-03-08 21:35:16,255 - INFO - ✅ Published: ROCKETS vs SPURS at 21:35:16
2026-03-08 21:35:16,257 - INFO - ✅ Published: MAGIC vs BUCKS at 21:35:16
2026-03-08 21:35:16,258 - INFO - ✅ Published: CELTICS vs CAVALIERS at 21:35:16
2026-03-08 21:35:16,259 - INFO - ✅ Published: KNICKS vs LAKERS at 21:35:16
2026-03-08 21:35:16,259 - INFO - ✅ Published: PISTONS vs HEAT at 21:35:16
2026-03-08 21:35:16,260 - INFO - ✅ Published: MAVERICKS vs RAPTORS at 21:35:16
2026-03-08 21:35:16,261 - INFO - ✅ Published: HORNETS vs SUNS at 21:35:16
2026-03-08 21:35:16,261 - INFO - Sleeping for 10 seconds...
2026-03-08 21:35:26,266 - INFO - Attempting to fetch NBA data...
2026-03-08 21:35:26,335 - INFO - ✅ Published: WIZARDS vs PELICANS at 21:35:26
2026-03-08 21:35:26,337 - INFO - ✅ Published: PACERS vs TRAIL BLAZERS at 21:35:26
2026-03-08 21:35:26,338 - INFO - ✅ Published: BULLS vs KINGS at 21:35:26
2026-03-08 21:35:26,339 - INFO - ✅ Published: ROCKETS vs SPURS at 21:35:26
2026-03-08 21:35:26,344 - INFO - ✅ Published: MAGIC vs BUCKS at 21:35:26
2026-03-08 21:35:26,346 - INFO - ✅ Published: CELTICS vs CAVALIERS at 21:35:26
2026-03-08 21:35:26,350 - INFO - ✅ Published: KNICKS vs LAKERS at 21:35:26
2026-03-08 21:35:26,353 - INFO - ✅ Published: PISTONS vs HEAT at 21:35:26
2026-03-08 21:35:26,354 - INFO - ✅ Published: MAVERICKS vs RAPTORS at 21:35:26
2026-03-08 21:35:26,355 - INFO - ✅ Published: HORNETS vs SUNS at 21:35:26
2026-03-08 21:35:26,355 - INFO - Sleeping for 10 seconds...
2026-03-08 21:35:36,361 - INFO - Attempting to fetch NBA data...
2026-03-08 21:35:36,419 - INFO - ✅ Published: WIZARDS vs PELICANS at 21:35:36
2026-03-08 21:35:36,421 - INFO - ✅ Published: PACERS vs TRAIL BLAZERS at 21:35:36
2026-03-08 21:35:36,422 - INFO - ✅ Published: BULLS vs KINGS at 21:35:36
2026-03-08 21:35:36,423 - INFO - ✅ Published: ROCKETS vs SPURS at 21:35:36
2026-03-08 21:35:36,424 - INFO - ✅ Published: MAGIC vs BUCKS at 21:35:36
2026-03-08 21:35:36,425 - INFO - ✅ Published: CELTICS vs CAVALIERS at 21:35:36
2026-03-08 21:35:36,430 - INFO - ✅ Published: KNICKS vs LAKERS at 21:35:36
2026-03-08 21:35:36,431 - INFO - ✅ Published: PISTONS vs HEAT at 21:35:36
2026-03-08 21:35:36,432 - INFO - ✅ Published: MAVERICKS vs RAPTORS at 21:35:36
2026-03-08 21:35:36,433 - INFO - ✅ Published: HORNETS vs SUNS at 21:35:36
2026-03-08 21:35:36,433 - INFO - Sleeping for 10 seconds...
2026-03-08 21:35:46,438 - INFO - Attempting to fetch NBA data...
2026-03-08 21:35:46,588 - INFO - ✅ Published: WIZARDS vs PELICANS at 21:35:46
2026-03-08 21:35:46,590 - INFO - ✅ Published: PACERS vs TRAIL BLAZERS at 21:35:46
2026-03-08 21:35:46,591 - INFO - ✅ Published: BULLS vs KINGS at 21:35:46
2026-03-08 21:35:46,593 - INFO - ✅ Published: ROCKETS vs SPURS at 21:35:46
2026-03-08 21:35:46,594 - INFO - ✅ Published: MAGIC vs BUCKS at 21:35:46
2026-03-08 21:35:46,595 - INFO - ✅ Published: CELTICS vs CAVALIERS at 21:35:46
2026-03-08 21:35:46,596 - INFO - ✅ Published: KNICKS vs LAKERS at 21:35:46
2026-03-08 21:35:46,597 - INFO - ✅ Published: PISTONS vs HEAT at 21:35:46
2026-03-08 21:35:46,598 - INFO - ✅ Published: MAVERICKS vs RAPTORS at 21:35:46
2026-03-08 21:35:46,599 - INFO - ✅ Published: HORNETS vs SUNS at 21:35:46
2026-03-08 21:35:46,599 - INFO - Sleeping for 10 seconds...
2026-03-08 21:35:56,603 - INFO - Attempting to fetch NBA data...
2026-03-08 21:35:56,653 - INFO - ✅ Published: WIZARDS vs PELICANS at 21:35:56
2026-03-08 21:35:56,655 - INFO - ✅ Published: PACERS vs TRAIL BLAZERS at 21:35:56
2026-03-08 21:35:56,657 - INFO - ✅ Published: BULLS vs KINGS at 21:35:56
2026-03-08 21:35:56,658 - INFO - ✅ Published: ROCKETS vs SPURS at 21:35:56
2026-03-08 21:35:56,659 - INFO - ✅ Published: MAGIC vs BUCKS at 21:35:56
2026-03-08 21:35:56,660 - INFO - ✅ Published: CELTICS vs CAVALIERS at 21:35:56
2026-03-08 21:35:56,661 - INFO - ✅ Published: KNICKS vs LAKERS at 21:35:56
2026-03-08 21:35:56,662 - INFO - ✅ Published: PISTONS vs HEAT at 21:35:56
2026-03-08 21:35:56,663 - INFO - ✅ Published: MAVERICKS vs RAPTORS at 21:35:56
2026-03-08 21:35:56,663 - INFO - ✅ Published: HORNETS vs SUNS at 21:35:56
2026-03-08 21:35:56,664 - INFO - Sleeping for 10 seconds...
2026-03-08 21:36:06,668 - INFO - Attempting to fetch NBA data...
2026-03-08 21:36:06,761 - INFO - ✅ Published: WIZARDS vs PELICANS at 21:36:06
2026-03-08 21:36:06,763 - INFO - ✅ Published: PACERS vs TRAIL BLAZERS at 21:36:06
2026-03-08 21:36:06,764 - INFO - ✅ Published: BULLS vs KINGS at 21:36:06
2026-03-08 21:36:06,765 - INFO - ✅ Published: ROCKETS vs SPURS at 21:36:06
2026-03-08 21:36:06,766 - INFO - ✅ Published: MAGIC vs BUCKS at 21:36:06
2026-03-08 21:36:06,767 - INFO - ✅ Published: CELTICS vs CAVALIERS at 21:36:06
2026-03-08 21:36:06,768 - INFO - ✅ Published: KNICKS vs LAKERS at 21:36:06
2026-03-08 21:36:06,769 - INFO - ✅ Published: PISTONS vs HEAT at 21:36:06
2026-03-08 21:36:06,771 - INFO - ✅ Published: MAVERICKS vs RAPTORS at 21:36:06
2026-03-08 21:36:06,772 - INFO - ✅ Published: HORNETS vs SUNS at 21:36:06
2026-03-08 21:36:06,772 - INFO - Sleeping for 10 seconds...
2026-03-08 21:36:16,773 - INFO - Attempting to fetch NBA data...
2026-03-08 21:36:16,834 - INFO - ✅ Published: WIZARDS vs PELICANS at 21:36:16
2026-03-08 21:36:16,835 - INFO - ✅ Published: PACERS vs TRAIL BLAZERS at 21:36:16
2026-03-08 21:36:16,836 - INFO - ✅ Published: BULLS vs KINGS at 21:36:16
2026-03-08 21:36:16,838 - INFO - ✅ Published: ROCKETS vs SPURS at 21:36:16
2026-03-08 21:36:16,840 - INFO - ✅ Published: MAGIC vs BUCKS at 21:36:16
2026-03-08 21:36:16,842 - INFO - ✅ Published: CELTICS vs CAVALIERS at 21:36:16
2026-03-08 21:36:16,844 - INFO - ✅ Published: KNICKS vs LAKERS at 21:36:16
2026-03-08 21:36:16,846 - INFO - ✅ Published: PISTONS vs HEAT at 21:36:16
2026-03-08 21:36:16,847 - INFO - ✅ Published: MAVERICKS vs RAPTORS at 21:36:16
2026-03-08 21:36:16,847 - INFO - ✅ Published: HORNETS vs SUNS at 21:36:16
2026-03-08 21:36:16,847 - INFO - Sleeping for 10 seconds...
2026-03-08 21:36:26,852 - INFO - Attempting to fetch NBA data...
2026-03-08 21:36:26,981 - INFO - ✅ Published: WIZARDS vs PELICANS at 21:36:26
2026-03-08 21:36:26,982 - INFO - ✅ Published: PACERS vs TRAIL BLAZERS at 21:36:26
2026-03-08 21:36:26,983 - INFO - ✅ Published: BULLS vs KINGS at 21:36:26
2026-03-08 21:36:26,985 - INFO - ✅ Published: ROCKETS vs SPURS at 21:36:26
2026-03-08 21:36:26,986 - INFO - ✅ Published: MAGIC vs BUCKS at 21:36:26
2026-03-08 21:36:26,988 - INFO - ✅ Published: CELTICS vs CAVALIERS at 21:36:26
2026-03-08 21:36:26,989 - INFO - ✅ Published: KNICKS vs LAKERS at 21:36:26
2026-03-08 21:36:26,990 - INFO - ✅ Published: PISTONS vs HEAT at 21:36:26
2026-03-08 21:36:26,991 - INFO - ✅ Published: MAVERICKS vs RAPTORS at 21:36:26
2026-03-08 21:36:26,992 - INFO - ✅ Published: HORNETS vs SUNS at 21:36:26
2026-03-08 21:36:26,992 - INFO - Sleeping for 10 seconds...
2026-03-08 21:36:36,995 - INFO - Attempting to fetch NBA data...
2026-03-08 21:36:37,051 - INFO - ✅ Published: WIZARDS vs PELICANS at 21:36:37
2026-03-08 21:36:37,052 - INFO - ✅ Published: PACERS vs TRAIL BLAZERS at 21:36:37
2026-03-08 21:36:37,053 - INFO - ✅ Published: BULLS vs KINGS at 21:36:37
2026-03-08 21:36:37,054 - INFO - ✅ Published: ROCKETS vs SPURS at 21:36:37
2026-03-08 21:36:37,055 - INFO - ✅ Published: MAGIC vs BUCKS at 21:36:37
2026-03-08 21:36:37,056 - INFO - ✅ Published: CELTICS vs CAVALIERS at 21:36:37
2026-03-08 21:36:37,057 - INFO - ✅ Published: KNICKS vs LAKERS at 21:36:37
2026-03-08 21:36:37,058 - INFO - ✅ Published: PISTONS vs HEAT at 21:36:37
2026-03-08 21:36:37,060 - INFO - ✅ Published: MAVERICKS vs RAPTORS at 21:36:37
2026-03-08 21:36:37,061 - INFO - ✅ Published: HORNETS vs SUNS at 21:36:37
2026-03-08 21:36:37,061 - INFO - Sleeping for 10 seconds...
2026-03-08 21:36:47,061 - INFO - Attempting to fetch NBA data...
2026-03-08 21:36:47,116 - INFO - ✅ Published: WIZARDS vs PELICANS at 21:36:47
2026-03-08 21:36:47,117 - INFO - ✅ Published: PACERS vs TRAIL BLAZERS at 21:36:47
2026-03-08 21:36:47,118 - INFO - ✅ Published: BULLS vs KINGS at 21:36:47
2026-03-08 21:36:47,119 - INFO - ✅ Published: ROCKETS vs SPURS at 21:36:47
2026-03-08 21:36:47,120 - INFO - ✅ Published: MAGIC vs BUCKS at 21:36:47
2026-03-08 21:36:47,121 - INFO - ✅ Published: CELTICS vs CAVALIERS at 21:36:47
2026-03-08 21:36:47,121 - INFO - ✅ Published: KNICKS vs LAKERS at 21:36:47
2026-03-08 21:36:47,122 - INFO - ✅ Published: PISTONS vs HEAT at 21:36:47
2026-03-08 21:36:47,123 - INFO - ✅ Published: MAVERICKS vs RAPTORS at 21:36:47
2026-03-08 21:36:47,124 - INFO - ✅ Published: HORNETS vs SUNS at 21:36:47
2026-03-08 21:36:47,124 - INFO - Sleeping for 10 seconds...
2026-03-10 18:56:40,012 - INFO - --- 🚀 Day 2: Starting Resilient Ingestor ---
2026-03-10 18:56:40,018 - ERROR - ❌ Redis Connection: FAILED. Is Docker running? Error: Error 61 connecting to localhost:6379. Connection refused.
2026-03-10 18:58:56,045 - INFO - --- 🚀 Day 2: Starting Resilient Ingestor ---
2026-03-10 18:58:56,054 - INFO - ✅ Redis Connection: SUCCESS
2026-03-10 18:58:56,054 - INFO - Attempting to fetch NBA data...
2026-03-10 18:58:56,151 - INFO - ✅ Published: GRIZZLIES vs 76ERS at 18:58:56
2026-03-10 18:58:56,152 - INFO - ✅ Published: PISTONS vs NETS at 18:58:56
2026-03-10 18:58:56,152 - INFO - ✅ Published: WIZARDS vs HEAT at 18:58:56
2026-03-10 18:58:56,153 - INFO - ✅ Published: MAVERICKS vs HAWKS at 18:58:56
2026-03-10 18:58:56,153 - INFO - ✅ Published: RAPTORS vs ROCKETS at 18:58:56
2026-03-10 18:58:56,154 - INFO - ✅ Published: SUNS vs BUCKS at 18:58:56
2026-03-10 18:58:56,155 - INFO - ✅ Published: CELTICS vs SPURS at 18:58:56
2026-03-10 18:58:56,155 - INFO - ✅ Published: BULLS vs WARRIORS at 18:58:56
2026-03-10 18:58:56,156 - INFO - ✅ Published: HORNETS vs TRAIL BLAZERS at 18:58:56
2026-03-10 18:58:56,156 - INFO - ✅ Published: PACERS vs KINGS at 18:58:56
2026-03-10 18:58:56,156 - INFO - ✅ Published: TIMBERWOLVES vs LAKERS at 18:58:56
2026-03-10 18:58:56,156 - INFO - Sleeping for 10 seconds...
2026-03-10 18:59:06,161 - INFO - Attempting to fetch NBA data...
2026-03-10 18:59:06,208 - INFO - ✅ Published: GRIZZLIES vs 76ERS at 18:59:06
2026-03-10 18:59:06,209 - INFO - ✅ Published: PISTONS vs NETS at 18:59:06
2026-03-10 18:59:06,210 - INFO - ✅ Published: WIZARDS vs HEAT at 18:59:06
2026-03-10 18:59:06,211 - INFO - ✅ Published: MAVERICKS vs HAWKS at 18:59:06
2026-03-10 18:59:06,211 - INFO - ✅ Published: RAPTORS vs ROCKETS at 18:59:06
2026-03-10 18:59:06,212 - INFO - ✅ Published: SUNS vs BUCKS at 18:59:06
2026-03-10 18:59:06,213 - INFO - ✅ Published: CELTICS vs SPURS at 18:59:06
2026-03-10 18:59:06,214 - INFO - ✅ Published: BULLS vs WARRIORS at 18:59:06
2026-03-10 18:59:06,216 - INFO - ✅ Published: HORNETS vs TRAIL BLAZERS at 18:59:06
2026-03-10 18:59:06,217 - INFO - ✅ Published: PACERS vs KINGS at 18:59:06
2026-03-10 18:59:06,218 - INFO - ✅ Published: TIMBERWOLVES vs LAKERS at 18:59:06
2026-03-10 18:59:06,218 - INFO - Sleeping for 10 seconds...
2026-03-10 18:59:16,236 - INFO - Attempting to fetch NBA data...
2026-03-10 18:59:16,322 - INFO - ✅ Published: GRIZZLIES vs 76ERS at 18:59:16
2026-03-10 18:59:16,322 - INFO - ✅ Published: PISTONS vs NETS at 18:59:16
2026-03-10 18:59:16,323 - INFO - ✅ Published: WIZARDS vs HEAT at 18:59:16
2026-03-10 18:59:16,324 - INFO - ✅ Published: MAVERICKS vs HAWKS at 18:59:16
2026-03-10 18:59:16,324 - INFO - ✅ Published: RAPTORS vs ROCKETS at 18:59:16
2026-03-10 18:59:16,325 - INFO - ✅ Published: SUNS vs BUCKS at 18:59:16
2026-03-10 18:59:16,326 - INFO - ✅ Published: CELTICS vs SPURS at 18:59:16
2026-03-10 18:59:16,328 - INFO - ✅ Published: BULLS vs WARRIORS at 18:59:16
2026-03-10 18:59:16,333 - INFO - ✅ Published: HORNETS vs TRAIL BLAZERS at 18:59:16
2026-03-10 18:59:16,333 - INFO - ✅ Published: PACERS vs KINGS at 18:59:16
2026-03-10 18:59:16,334 - INFO - ✅ Published: TIMBERWOLVES vs LAKERS at 18:59:16
2026-03-10 18:59:16,334 - INFO - Sleeping for 10 seconds...
2026-03-10 18:59:26,339 - INFO - Attempting to fetch NBA data...
2026-03-10 18:59:26,449 - INFO - ✅ Published: GRIZZLIES vs 76ERS at 18:59:26
2026-03-10 18:59:26,451 - INFO - ✅ Published: PISTONS vs NETS at 18:59:26
2026-03-10 18:59:26,452 - INFO - ✅ Published: WIZARDS vs HEAT at 18:59:26
2026-03-10 18:59:26,461 - INFO - ✅ Published: MAVERICKS vs HAWKS at 18:59:26
2026-03-10 18:59:26,462 - INFO - ✅ Published: RAPTORS vs ROCKETS at 18:59:26
2026-03-10 18:59:26,464 - INFO - ✅ Published: SUNS vs BUCKS at 18:59:26
2026-03-10 18:59:26,465 - INFO - ✅ Published: CELTICS vs SPURS at 18:59:26
2026-03-10 18:59:26,465 - INFO - ✅ Published: BULLS vs WARRIORS at 18:59:26
2026-03-10 18:59:26,466 - INFO - ✅ Published: HORNETS vs TRAIL BLAZERS at 18:59:26
2026-03-10 18:59:26,467 - INFO - ✅ Published: PACERS vs KINGS at 18:59:26
2026-03-10 18:59:26,468 - INFO - ✅ Published: TIMBERWOLVES vs LAKERS at 18:59:26
2026-03-10 18:59:26,468 - INFO - Sleeping for 10 seconds...
2026-03-10 18:59:36,474 - INFO - Attempting to fetch NBA data...
2026-03-10 18:59:36,516 - INFO - ✅ Published: GRIZZLIES vs 76ERS at 18:59:36
2026-03-10 18:59:36,516 - INFO - ✅ Published: PISTONS vs NETS at 18:59:36
2026-03-10 18:59:36,517 - INFO - ✅ Published: WIZARDS vs HEAT at 18:59:36
2026-03-10 18:59:36,518 - INFO - ✅ Published: MAVERICKS vs HAWKS at 18:59:36
2026-03-10 18:59:36,519 - INFO - ✅ Published: RAPTORS vs ROCKETS at 18:59:36
2026-03-10 18:59:36,520 - INFO - ✅ Published: SUNS vs BUCKS at 18:59:36
2026-03-10 18:59:36,521 - INFO - ✅ Published: CELTICS vs SPURS at 18:59:36
2026-03-10 18:59:36,521 - INFO - ✅ Published: BULLS vs WARRIORS at 18:59:36
2026-03-10 18:59:36,522 - INFO - ✅ Published: HORNETS vs TRAIL BLAZERS at 18:59:36
2026-03-10 18:59:36,522 - INFO - ✅ Published: PACERS vs KINGS at 18:59:36
2026-03-10 18:59:36,523 - INFO - ✅ Published: TIMBERWOLVES vs LAKERS at 18:59:36
2026-03-10 18:59:36,523 - INFO - Sleeping for 10 seconds...
2026-03-10 18:59:46,529 - INFO - Attempting to fetch NBA data...
2026-03-10 18:59:46,583 - INFO - ✅ Published: GRIZZLIES vs 76ERS at 18:59:46
2026-03-10 18:59:46,584 - INFO - ✅ Published: PISTONS vs NETS at 18:59:46
2026-03-10 18:59:46,585 - INFO - ✅ Published: WIZARDS vs HEAT at 18:59:46
2026-03-10 18:59:46,586 - INFO - ✅ Published: MAVERICKS vs HAWKS at 18:59:46
2026-03-10 18:59:46,586 - INFO - ✅ Published: RAPTORS vs ROCKETS at 18:59:46
2026-03-10 18:59:46,587 - INFO - ✅ Published: SUNS vs BUCKS at 18:59:46
2026-03-10 18:59:46,588 - INFO - ✅ Published: CELTICS vs SPURS at 18:59:46
2026-03-10 18:59:46,588 - INFO - ✅ Published: BULLS vs WARRIORS at 18:59:46
2026-03-10 18:59:46,589 - INFO - ✅ Published: HORNETS vs TRAIL BLAZERS at 18:59:46
2026-03-10 18:59:46,589 - INFO - ✅ Published: PACERS vs KINGS at 18:59:46
2026-03-10 18:59:46,590 - INFO - ✅ Published: TIMBERWOLVES vs LAKERS at 18:59:46
2026-03-10 18:59:46,590 - INFO - Sleeping for 10 seconds...
2026-03-10 18:59:56,595 - INFO - Attempting to fetch NBA data...
2026-03-10 18:59:56,652 - INFO - ✅ Published: GRIZZLIES vs 76ERS at 18:59:56
2026-03-10 18:59:56,653 - INFO - ✅ Published: PISTONS vs NETS at 18:59:56
2026-03-10 18:59:56,654 - INFO - ✅ Published: WIZARDS vs HEAT at 18:59:56
2026-03-10 18:59:56,655 - INFO - ✅ Published: MAVERICKS vs HAWKS at 18:59:56
2026-03-10 18:59:56,656 - INFO - ✅ Published: RAPTORS vs ROCKETS at 18:59:56
2026-03-10 18:59:56,656 - INFO - ✅ Published: SUNS vs BUCKS at 18:59:56
2026-03-10 18:59:56,657 - INFO - ✅ Published: CELTICS vs SPURS at 18:59:56
2026-03-10 18:59:56,658 - INFO - ✅ Published: BULLS vs WARRIORS at 18:59:56
2026-03-10 18:59:56,658 - INFO - ✅ Published: HORNETS vs TRAIL BLAZERS at 18:59:56
2026-03-10 18:59:56,659 - INFO - ✅ Published: PACERS vs KINGS at 18:59:56
2026-03-10 18:59:56,660 - INFO - ✅ Published: TIMBERWOLVES vs LAKERS at 18:59:56
2026-03-10 18:59:56,660 - INFO - Sleeping for 10 seconds...
2026-03-10 19:00:06,665 - INFO - Attempting to fetch NBA data...
2026-03-10 19:00:06,794 - INFO - ✅ Published: GRIZZLIES vs 76ERS at 19:00:06
2026-03-10 19:00:06,795 - INFO - ✅ Published: PISTONS vs NETS at 19:00:06
2026-03-10 19:00:06,795 - INFO - ✅ Published: WIZARDS vs HEAT at 19:00:06
2026-03-10 19:00:06,796 - INFO - ✅ Published: MAVERICKS vs HAWKS at 19:00:06
2026-03-10 19:00:06,797 - INFO - ✅ Published: RAPTORS vs ROCKETS at 19:00:06
2026-03-10 19:00:06,798 - INFO - ✅ Published: SUNS vs BUCKS at 19:00:06
2026-03-10 19:00:06,798 - INFO - ✅ Published: CELTICS vs SPURS at 19:00:06
2026-03-10 19:00:06,799 - INFO - ✅ Published: BULLS vs WARRIORS at 19:00:06
2026-03-10 19:00:06,800 - INFO - ✅ Published: HORNETS vs TRAIL BLAZERS at 19:00:06
2026-03-10 19:00:06,801 - INFO - ✅ Published: PACERS vs KINGS at 19:00:06
2026-03-10 19:00:06,801 - INFO - ✅ Published: TIMBERWOLVES vs LAKERS at 19:00:06
2026-03-10 19:00:06,801 - INFO - Sleeping for 10 seconds...
2026-03-10 19:00:16,820 - INFO - Attempting to fetch NBA data...
2026-03-10 19:00:16,890 - INFO - ✅ Published: GRIZZLIES vs 76ERS at 19:00:16
2026-03-10 19:00:16,891 - INFO - ✅ Published: PISTONS vs NETS at 19:00:16
2026-03-10 19:00:16,893 - INFO - ✅ Published: WIZARDS vs HEAT at 19:00:16
2026-03-10 19:00:16,894 - INFO - ✅ Published: MAVERICKS vs HAWKS at 19:00:16
2026-03-10 19:00:16,895 - INFO - ✅ Published: RAPTORS vs ROCKETS at 19:00:16
2026-03-10 19:00:16,896 - INFO - ✅ Published: SUNS vs BUCKS at 19:00:16
2026-03-10 19:00:16,897 - INFO - ✅ Published: CELTICS vs SPURS at 19:00:16
2026-03-10 19:00:16,898 - INFO - ✅ Published: BULLS vs WARRIORS at 19:00:16
2026-03-10 19:00:16,899 - INFO - ✅ Published: HORNETS vs TRAIL BLAZERS at 19:00:16
2026-03-10 19:00:16,900 - INFO - ✅ Published: PACERS vs KINGS at 19:00:16
2026-03-10 19:00:16,901 - INFO - ✅ Published: TIMBERWOLVES vs LAKERS at 19:00:16
2026-03-10 19:00:16,901 - INFO - Sleeping for 10 seconds...
2026-03-10 19:00:26,905 - INFO - Attempting to fetch NBA data...
2026-03-10 19:00:26,953 - INFO - ✅ Published: GRIZZLIES vs 76ERS at 19:00:26
2026-03-10 19:00:26,955 - INFO - ✅ Published: PISTONS vs NETS at 19:00:26
2026-03-10 19:00:26,956 - INFO - ✅ Published: WIZARDS vs HEAT at 19:00:26
2026-03-10 19:00:26,959 - INFO - ✅ Published: MAVERICKS vs HAWKS at 19:00:26
2026-03-10 19:00:26,961 - INFO - ✅ Published: RAPTORS vs ROCKETS at 19:00:26
2026-03-10 19:00:26,962 - INFO - ✅ Published: SUNS vs BUCKS at 19:00:26
2026-03-10 19:00:26,963 - INFO - ✅ Published: CELTICS vs SPURS at 19:00:26
2026-03-10 19:00:26,964 - INFO - ✅ Published: BULLS vs WARRIORS at 19:00:26
2026-03-10 19:00:26,964 - INFO - ✅ Published: HORNETS vs TRAIL BLAZERS at 19:00:26
2026-03-10 19:00:26,965 - INFO - ✅ Published: PACERS vs KINGS at 19:00:26
2026-03-10 19:00:26,966 - INFO - ✅ Published: TIMBERWOLVES vs LAKERS at 19:00:26
2026-03-10 19:00:26,966 - INFO - Sleeping for 10 seconds...
2026-03-10 19:00:36,971 - INFO - Attempting to fetch NBA data...
2026-03-10 19:00:37,040 - INFO - ✅ Published: GRIZZLIES vs 76ERS at 19:00:37
2026-03-10 19:00:37,042 - INFO - ✅ Published: PISTONS vs NETS at 19:00:37
2026-03-10 19:00:37,044 - INFO - ✅ Published: WIZARDS vs HEAT at 19:00:37
2026-03-10 19:00:37,045 - INFO - ✅ Published: MAVERICKS vs HAWKS at 19:00:37
2026-03-10 19:00:37,045 - INFO - ✅ Published: RAPTORS vs ROCKETS at 19:00:37
2026-03-10 19:00:37,046 - INFO - ✅ Published: SUNS vs BUCKS at 19:00:37
2026-03-10 19:00:37,047 - INFO - ✅ Published: CELTICS vs SPURS at 19:00:37
2026-03-10 19:00:37,048 - INFO - ✅ Published: BULLS vs WARRIORS at 19:00:37
2026-03-10 19:00:37,049 - INFO - ✅ Published: HORNETS vs TRAIL BLAZERS at 19:00:37
2026-03-10 19:00:37,049 - INFO - ✅ Published: PACERS vs KINGS at 19:00:37
2026-03-10 19:00:37,051 - INFO - ✅ Published: TIMBERWOLVES vs LAKERS at 19:00:37
2026-03-10 19:00:37,051 - INFO - Sleeping for 10 seconds...
2026-03-10 19:00:47,056 - INFO - Attempting to fetch NBA data...
2026-03-10 19:00:47,119 - INFO - ✅ Published: GRIZZLIES vs 76ERS at 19:00:47
2026-03-10 19:00:47,120 - INFO - ✅ Published: PISTONS vs NETS at 19:00:47
2026-03-10 19:00:47,122 - INFO - ✅ Published: WIZARDS vs HEAT at 19:00:47
2026-03-10 19:00:47,123 - INFO - ✅ Published: MAVERICKS vs HAWKS at 19:00:47
2026-03-10 19:00:47,124 - INFO - ✅ Published: RAPTORS vs ROCKETS at 19:00:47
2026-03-10 19:00:47,126 - INFO - ✅ Published: SUNS vs BUCKS at 19:00:47
2026-03-10 19:00:47,127 - INFO - ✅ Published: CELTICS vs SPURS at 19:00:47
2026-03-10 19:00:47,127 - INFO - ✅ Published: BULLS vs WARRIORS at 19:00:47
2026-03-10 19:00:47,128 - INFO - ✅ Published: HORNETS vs TRAIL BLAZERS at 19:00:47
2026-03-10 19:00:47,129 - INFO - ✅ Published: PACERS vs KINGS at 19:00:47
2026-03-10 19:00:47,130 - INFO - ✅ Published: TIMBERWOLVES vs LAKERS at 19:00:47
2026-03-10 19:00:47,130 - INFO - Sleeping for 10 seconds...
2026-03-10 19:00:57,134 - INFO - Attempting to fetch NBA data...
2026-03-10 19:00:57,186 - INFO - ✅ Published: GRIZZLIES vs 76ERS at 19:00:57
2026-03-10 19:00:57,188 - INFO - ✅ Published: PISTONS vs NETS at 19:00:57
2026-03-10 19:00:57,190 - INFO - ✅ Published: WIZARDS vs HEAT at 19:00:57
2026-03-10 19:00:57,191 - INFO - ✅ Published: MAVERICKS vs HAWKS at 19:00:57
2026-03-10 19:00:57,194 - INFO - ✅ Published: RAPTORS vs ROCKETS at 19:00:57
2026-03-10 19:00:57,195 - INFO - ✅ Published: SUNS vs BUCKS at 19:00:57
2026-03-10 19:00:57,196 - INFO - ✅ Published: CELTICS vs SPURS at 19:00:57
2026-03-10 19:00:57,197 - INFO - ✅ Published: BULLS vs WARRIORS at 19:00:57
2026-03-10 19:00:57,197 - INFO - ✅ Published: HORNETS vs TRAIL BLAZERS at 19:00:57
2026-03-10 19:00:57,198 - INFO - ✅ Published: PACERS vs KINGS at 19:00:57
2026-03-10 19:00:57,199 - INFO - ✅ Published: TIMBERWOLVES vs LAKERS at 19:00:57
2026-03-10 19:00:57,199 - INFO - Sleeping for 10 seconds...
2026-03-10 19:01:07,201 - INFO - Attempting to fetch NBA data...
2026-03-10 19:01:07,256 - INFO - ✅ Published: GRIZZLIES vs 76ERS at 19:01:07
2026-03-10 19:01:07,257 - INFO - ✅ Published: PISTONS vs NETS at 19:01:07
2026-03-10 19:01:07,258 - INFO - ✅ Published: WIZARDS vs HEAT at 19:01:07
2026-03-10 19:01:07,259 - INFO - ✅ Published: MAVERICKS vs HAWKS at 19:01:07
2026-03-10 19:01:07,259 - INFO - ✅ Published: RAPTORS vs ROCKETS at 19:01:07
2026-03-10 19:01:07,260 - INFO - ✅ Published: SUNS vs BUCKS at 19:01:07
2026-03-10 19:01:07,261 - INFO - ✅ Published: CELTICS vs SPURS at 19:01:07
2026-03-10 19:01:07,261 - INFO - ✅ Published: BULLS vs WARRIORS at 19:01:07
2026-03-10 19:01:07,262 - INFO - ✅ Published: HORNETS vs TRAIL BLAZERS at 19:01:07
2026-03-10 19:01:07,263 - INFO - ✅ Published: PACERS vs KINGS at 19:01:07
2026-03-10 19:01:07,263 - INFO - ✅ Published: TIMBERWOLVES vs LAKERS at 19:01:07
2026-03-10 19:01:07,263 - INFO - Sleeping for 10 seconds...
2026-03-10 19:01:17,270 - INFO - Attempting to fetch NBA data...
2026-03-10 19:01:17,325 - INFO - ✅ Published: GRIZZLIES vs 76ERS at 19:01:17
2026-03-10 19:01:17,326 - INFO - ✅ Published: PISTONS vs NETS at 19:01:17
2026-03-10 19:01:17,327 - INFO - ✅ Published: WIZARDS vs HEAT at 19:01:17
2026-03-10 19:01:17,328 - INFO - ✅ Published: MAVERICKS vs HAWKS at 19:01:17
2026-03-10 19:01:17,329 - INFO - ✅ Published: RAPTORS vs ROCKETS at 19:01:17
2026-03-10 19:01:17,329 - INFO - ✅ Published: SUNS vs BUCKS at 19:01:17
2026-03-10 19:01:17,330 - INFO - ✅ Published: CELTICS vs SPURS at 19:01:17
2026-03-10 19:01:17,331 - INFO - ✅ Published: BULLS vs WARRIORS at 19:01:17
2026-03-10 19:01:17,332 - INFO - ✅ Published: HORNETS vs TRAIL BLAZERS at 19:01:17
2026-03-10 19:01:17,333 - INFO - ✅ Published: PACERS vs KINGS at 19:01:17
2026-03-10 19:01:17,334 - INFO - ✅ Published: TIMBERWOLVES vs LAKERS at 19:01:17
2026-03-10 19:01:17,334 - INFO - Sleeping for 10 seconds...
2026-03-10 19:01:27,339 - INFO - Attempting to fetch NBA data...
2026-03-10 19:01:27,381 - INFO - ✅ Published: GRIZZLIES vs 76ERS at 19:01:27
2026-03-10 19:01:27,382 - INFO - ✅ Published: PISTONS vs NETS at 19:01:27
2026-03-10 19:01:27,383 - INFO - ✅ Published: WIZARDS vs HEAT at 19:01:27
2026-03-10 19:01:27,383 - INFO - ✅ Published: MAVERICKS vs HAWKS at 19:01:27
2026-03-10 19:01:27,384 - INFO - ✅ Published: RAPTORS vs ROCKETS at 19:01:27
2026-03-10 19:01:27,384 - INFO - ✅ Published: SUNS vs BUCKS at 19:01:27
2026-03-10 19:01:27,385 - INFO - ✅ Published: CELTICS vs SPURS at 19:01:27
2026-03-10 19:01:27,385 - INFO - ✅ Published: BULLS vs WARRIORS at 19:01:27
2026-03-10 19:01:27,386 - INFO - ✅ Published: HORNETS vs TRAIL BLAZERS at 19:01:27
2026-03-10 19:01:27,386 - INFO - ✅ Published: PACERS vs KINGS at 19:01:27
2026-03-10 19:01:27,387 - INFO - ✅ Published: TIMBERWOLVES vs LAKERS at 19:01:27
2026-03-10 19:01:27,387 - INFO - Sleeping for 10 seconds...
2026-03-10 19:01:37,392 - INFO - Attempting to fetch NBA data...
2026-03-10 19:01:37,451 - INFO - ✅ Published: GRIZZLIES vs 76ERS at 19:01:37
2026-03-10 19:01:37,452 - INFO - ✅ Published: PISTONS vs NETS at 19:01:37
2026-03-10 19:01:37,453 - INFO - ✅ Published: WIZARDS vs HEAT at 19:01:37
2026-03-10 19:01:37,455 - INFO - ✅ Published: MAVERICKS vs HAWKS at 19:01:37
2026-03-10 19:01:37,456 - INFO - ✅ Published: RAPTORS vs ROCKETS at 19:01:37
2026-03-10 19:01:37,457 - INFO - ✅ Published: SUNS vs BUCKS at 19:01:37
2026-03-10 19:01:37,459 - INFO - ✅ Published: CELTICS vs SPURS at 19:01:37
2026-03-10 19:01:37,460 - INFO - ✅ Published: BULLS vs WARRIORS at 19:01:37
2026-03-10 19:01:37,461 - INFO - ✅ Published: HORNETS vs TRAIL BLAZERS at 19:01:37
2026-03-10 19:01:37,462 - INFO - ✅ Published: PACERS vs KINGS at 19:01:37
2026-03-10 19:01:37,464 - INFO - ✅ Published: TIMBERWOLVES vs LAKERS at 19:01:37
2026-03-10 19:01:37,464 - INFO - Sleeping for 10 seconds...
